<?xml version="1.0" encoding="UTF-8"?>
<!-- Generated by org.testng.reporters.JUnitXMLReporter -->
<testsuite ignored="0" hostname="LTIN194187" failures="0" tests="3" name="ChromeTest2" time="20.224" errors="0" timestamp="2024-04-04T15:16:04 IST">
  <testcase classname="com.java.bookTest.HomePageTestCases" name="checkUrl" time="0.014"/>
  <testcase classname="com.java.bookTest.HomePageTestCases" name="checkTitle" time="0.011"/>
  <testcase classname="com.java.bookTest.HomePageTestCases" name="ExtractDeal" time="6.453"/>
</testsuite> <!-- ChromeTest2 -->
