<?xml version="1.0" encoding="UTF-8"?>
<!-- Generated by org.testng.reporters.JUnitXMLReporter -->
<testsuite ignored="0" hostname="LTIN194187" failures="0" tests="7" name="ChromeTest1" time="72.143" errors="0" timestamp="2024-04-04T15:15:44 IST">
  <testcase classname="com.java.bookTest.ProductPageTestCases" name="checkUrl" time="0.036"/>
  <testcase classname="com.java.bookTest.ProductPageTestCases" name="clickBookShelfTest" time="8.918"/>
  <testcase classname="com.java.bookTest.ProductPageTestCases" name="popupTest" time="5.242"/>
  <testcase classname="com.java.bookTest.ProductPageTestCases" name="PriceSliderTest" time="13.811"/>
  <testcase classname="com.java.bookTest.ProductPageTestCases" name="StorageTypeTest" time="0.404"/>
  <testcase classname="com.java.bookTest.ProductPageTestCases" name="ExcludeOutOfStockTest" time="0.188"/>
  <testcase classname="com.java.bookTest.ProductPageTestCases" name="listOfProductsTest" time="4.246"/>
</testsuite> <!-- ChromeTest1 -->
