<?xml version="1.0" encoding="UTF-8"?>
<!-- Generated by org.testng.reporters.JUnitXMLReporter -->
<testsuite ignored="0" hostname="LTIN194187" failures="0" tests="7" name="ChromeTest3" time="26.032" errors="0" timestamp="2024-04-04T09:51:31 IST">
  <testcase classname="com.java.bookTest.GiftCardPageTestCases" name="checkUrlTest" time="0.02"/>
  <testcase classname="com.java.bookTest.GiftCardPageTestCases" name="checkClickGiftCardTest" time="4.828"/>
  <testcase classname="com.java.bookTest.GiftCardPageTestCases" name="OccasionHandleTest" time="0.46"/>
  <testcase classname="com.java.bookTest.GiftCardPageTestCases" name="AmountHandlerTest" time="0.192"/>
  <testcase classname="com.java.bookTest.GiftCardPageTestCases" name="DropDownHandlerTest" time="0.686"/>
  <testcase classname="com.java.bookTest.GiftCardPageTestCases" name="ButtonHandleTest" time="0.118"/>
  <testcase classname="com.java.bookTest.GiftCardPageTestCases" name="enterFormDetailsTest" time="3.882"/>
</testsuite> <!-- ChromeTest3 -->
