<?xml version="1.0" encoding="UTF-8"?>
<!-- Generated by org.testng.reporters.JUnitXMLReporter -->
<testsuite ignored="0" hostname="LTIN194187" failures="0" tests="3" name="ChromeTest2" time="76.296" errors="0" timestamp="2024-04-03T15:09:33 IST">
  <testcase classname="com.java.bookTest.HomePageTestCases" name="checkUrl" time="0.038"/>
  <testcase classname="com.java.bookTest.HomePageTestCases" name="checkTitle" time="0.036"/>
  <testcase classname="com.java.bookTest.HomePageTestCases" name="ExtractDeal" time="6.823"/>
</testsuite> <!-- ChromeTest2 -->
