<?xml version="1.0" encoding="UTF-8"?>
<!-- Generated by org.testng.reporters.JUnitXMLReporter -->
<testsuite ignored="0" hostname="LTIN194187" failures="0" tests="7" name="EdgeTest1" time="44.818" errors="0" timestamp="2024-04-04T09:52:16 IST">
  <testcase classname="com.java.bookTest.ProductPageTestCases" name="checkUrl" time="0.029"/>
  <testcase classname="com.java.bookTest.ProductPageTestCases" name="clickBookShelfTest" time="3.308"/>
  <testcase classname="com.java.bookTest.ProductPageTestCases" name="popupTest" time="5.45"/>
  <testcase classname="com.java.bookTest.ProductPageTestCases" name="PriceSliderTest" time="13.757"/>
  <testcase classname="com.java.bookTest.ProductPageTestCases" name="StorageTypeTest" time="0.358"/>
  <testcase classname="com.java.bookTest.ProductPageTestCases" name="ExcludeOutOfStockTest" time="0.191"/>
  <testcase classname="com.java.bookTest.ProductPageTestCases" name="listOfProductsTest" time="4.215"/>
</testsuite> <!-- EdgeTest1 -->
