<?xml version="1.0" encoding="UTF-8"?>
<!-- Generated by org.testng.reporters.JUnitXMLReporter -->
<testsuite ignored="0" hostname="LTIN194187" failures="0" tests="7" name="EdgeTest3" time="119.768" errors="0" timestamp="2024-04-04T15:21:10 IST">
  <testcase classname="com.java.bookTest.GiftCardPageTestCases" name="checkUrlTest" time="0.085"/>
  <testcase classname="com.java.bookTest.GiftCardPageTestCases" name="checkClickGiftCardTest" time="32.294"/>
  <testcase classname="com.java.bookTest.GiftCardPageTestCases" name="OccasionHandleTest" time="0.352"/>
  <testcase classname="com.java.bookTest.GiftCardPageTestCases" name="AmountHandlerTest" time="0.142"/>
  <testcase classname="com.java.bookTest.GiftCardPageTestCases" name="DropDownHandlerTest" time="0.506"/>
  <testcase classname="com.java.bookTest.GiftCardPageTestCases" name="ButtonHandleTest" time="0.117"/>
  <testcase classname="com.java.bookTest.GiftCardPageTestCases" name="enterFormDetailsTest" time="3.65"/>
</testsuite> <!-- EdgeTest3 -->
