<?xml version="1.0" encoding="UTF-8"?>
<!-- Generated by org.testng.reporters.JUnitXMLReporter -->
<testsuite ignored="0" hostname="LTIN194187" failures="0" tests="3" name="EdgeTest2" time="48.075" errors="0" timestamp="2024-04-04T15:19:10 IST">
  <testcase classname="com.java.bookTest.HomePageTestCases" name="checkUrl" time="0.259"/>
  <testcase classname="com.java.bookTest.HomePageTestCases" name="checkTitle" time="0.018"/>
  <testcase classname="com.java.bookTest.HomePageTestCases" name="ExtractDeal" time="6.35"/>
</testsuite> <!-- EdgeTest2 -->
