<?xml version="1.0" encoding="UTF-8"?>
<!-- Generated by org.testng.reporters.JUnitXMLReporter -->
<testsuite ignored="0" hostname="LTIN194187" failures="0" tests="3" name="EdgeTest2" time="22.159" errors="0" timestamp="2024-04-04T09:52:38 IST">
  <testcase classname="com.java.bookTest.HomePageTestCases" name="checkUrl" time="0.021"/>
  <testcase classname="com.java.bookTest.HomePageTestCases" name="checkTitle" time="0.018"/>
  <testcase classname="com.java.bookTest.HomePageTestCases" name="ExtractDeal" time="6.719"/>
</testsuite> <!-- EdgeTest2 -->
