<?xml version="1.0" encoding="UTF-8"?>
<!-- Generated by org.testng.reporters.JUnitXMLReporter -->
<testsuite ignored="0" hostname="LTIN194187" failures="0" tests="7" name="Test1" time="30.946" errors="0" timestamp="2024-03-29T17:26:04 IST">
  <testcase classname="com.java.bookTest.ProductPageTestCases" name="checkUrl" time="0.024"/>
  <testcase classname="com.java.bookTest.ProductPageTestCases" name="clickBookShelfTest" time="2.089"/>
  <testcase classname="com.java.bookTest.ProductPageTestCases" name="popupTest" time="3.121"/>
  <testcase classname="com.java.bookTest.ProductPageTestCases" name="PriceSliderTest" time="10.73"/>
  <testcase classname="com.java.bookTest.ProductPageTestCases" name="StorageTypeTest" time="0.31"/>
  <testcase classname="com.java.bookTest.ProductPageTestCases" name="ExcludeOutOfStockTest" time="0.148"/>
  <testcase classname="com.java.bookTest.ProductPageTestCases" name="listOfProductsTest" time="2.203"/>
</testsuite> <!-- Test1 -->
