<?xml version="1.0" encoding="UTF-8"?>
<!-- Generated by org.testng.reporters.JUnitXMLReporter -->
<testsuite ignored="0" hostname="LTIN194187" failures="0" tests="7" name="Test1" time="119.973" errors="0" timestamp="2024-04-03T14:32:22 IST">
  <testcase classname="com.java.bookTest.ProductPageTestCases" name="checkUrl" time="0.045"/>
  <testcase classname="com.java.bookTest.ProductPageTestCases" name="clickBookShelfTest" time="24.482"/>
  <testcase classname="com.java.bookTest.ProductPageTestCases" name="popupTest" time="5.194"/>
  <testcase classname="com.java.bookTest.ProductPageTestCases" name="PriceSliderTest" time="16.437"/>
  <testcase classname="com.java.bookTest.ProductPageTestCases" name="StorageTypeTest" time="0.342"/>
  <testcase classname="com.java.bookTest.ProductPageTestCases" name="ExcludeOutOfStockTest" time="0.177"/>
  <testcase classname="com.java.bookTest.ProductPageTestCases" name="listOfProductsTest" time="4.337"/>
</testsuite> <!-- Test1 -->
