<?xml version="1.0" encoding="UTF-8"?>
<!-- Generated by org.testng.reporters.JUnitXMLReporter -->
<testsuite ignored="0" hostname="LTIN194187" failures="0" tests="3" name="Test2" time="48.32" errors="0" timestamp="2024-04-03T14:33:10 IST">
  <testcase classname="com.java.bookTest.HomePageTestCases" name="checkUrl" time="0.013"/>
  <testcase classname="com.java.bookTest.HomePageTestCases" name="checkTitle" time="0.011"/>
  <testcase classname="com.java.bookTest.HomePageTestCases" name="ExtractDeal" time="6.385"/>
</testsuite> <!-- Test2 -->
