<?xml version="1.0" encoding="UTF-8"?>
<testng-results ignored="0" total="34" passed="32" failed="2" skipped="0">
  <reporter-output>
  </reporter-output>
  <suite started-at="2024-04-04T15:14:31 IST" name="Suite" finished-at="2024-04-04T15:21:10 IST" duration-ms="398730">
    <groups>
      <group name="smoketest">
        <method signature="HomePageTestCases.checkTitle()[pri:2, instance:com.java.bookTest.HomePageTestCases@dd8ba08]" name="checkTitle" class="com.java.bookTest.HomePageTestCases"/>
        <method signature="HomePageTestCases.checkUrl()[pri:1, instance:com.java.bookTest.HomePageTestCases@dd8ba08]" name="checkUrl" class="com.java.bookTest.HomePageTestCases"/>
        <method signature="HomePageTestCases.checkTitle()[pri:2, instance:com.java.bookTest.HomePageTestCases@5c33f1a9]" name="checkTitle" class="com.java.bookTest.HomePageTestCases"/>
        <method signature="HomePageTestCases.checkUrl()[pri:1, instance:com.java.bookTest.HomePageTestCases@5c33f1a9]" name="checkUrl" class="com.java.bookTest.HomePageTestCases"/>
      </group> <!-- smoketest -->
    </groups>
    <test started-at="2024-04-04T15:14:31 IST" name="ChromeTest1" finished-at="2024-04-04T15:15:44 IST" duration-ms="72143">
      <class name="com.java.bookTest.ProductPageTestCases">
        <test-method is-config="true" signature="beforeTest(java.lang.String)[pri:0, instance:com.java.bookTest.ProductPageTestCases@393671df]" started-at="2024-04-04T15:14:31 IST" name="beforeTest" finished-at="2024-04-04T15:15:06 IST" duration-ms="34519" status="PASS">
          <params>
            <param index="0">
              <value>
                <![CDATA[chrome]]>
              </value>
            </param>
          </params>
          <reporter-output>
          </reporter-output>
        </test-method> <!-- beforeTest -->
        <test-method signature="checkUrl()[pri:1, instance:com.java.bookTest.ProductPageTestCases@393671df]" started-at="2024-04-04T15:15:06 IST" name="checkUrl" finished-at="2024-04-04T15:15:06 IST" duration-ms="36" status="PASS">
          <reporter-output>
          </reporter-output>
        </test-method> <!-- checkUrl -->
        <test-method is-config="true" signature="takeScreenShot()[pri:0, instance:com.java.bookTest.ProductPageTestCases@393671df]" started-at="2024-04-04T15:15:06 IST" name="takeScreenShot" finished-at="2024-04-04T15:15:06 IST" duration-ms="395" status="PASS">
          <reporter-output>
          </reporter-output>
        </test-method> <!-- takeScreenShot -->
        <test-method is-config="true" signature="getResult(org.testng.ITestResult)[pri:0, instance:com.java.bookTest.ProductPageTestCases@393671df]" started-at="2024-04-04T15:15:06 IST" name="getResult" finished-at="2024-04-04T15:15:06 IST" duration-ms="2" status="PASS">
          <params>
            <param index="0">
              <value>
                <![CDATA[[TestResult name=checkUrl status=SUCCESS method=ProductPageTestCases.checkUrl()[pri:1, instance:com.java.bookTest.ProductPageTestCases@393671df] output={null}]]]>
              </value>
            </param>
          </params>
          <reporter-output>
          </reporter-output>
        </test-method> <!-- getResult -->
        <test-method signature="clickBookShelfTest()[pri:2, instance:com.java.bookTest.ProductPageTestCases@393671df]" started-at="2024-04-04T15:15:07 IST" name="clickBookShelfTest" finished-at="2024-04-04T15:15:15 IST" duration-ms="8918" status="PASS">
          <reporter-output>
          </reporter-output>
        </test-method> <!-- clickBookShelfTest -->
        <test-method is-config="true" signature="takeScreenShot()[pri:0, instance:com.java.bookTest.ProductPageTestCases@393671df]" started-at="2024-04-04T15:15:15 IST" name="takeScreenShot" finished-at="2024-04-04T15:15:16 IST" duration-ms="298" status="PASS">
          <reporter-output>
          </reporter-output>
        </test-method> <!-- takeScreenShot -->
        <test-method is-config="true" signature="getResult(org.testng.ITestResult)[pri:0, instance:com.java.bookTest.ProductPageTestCases@393671df]" started-at="2024-04-04T15:15:16 IST" name="getResult" finished-at="2024-04-04T15:15:16 IST" duration-ms="1" status="PASS">
          <params>
            <param index="0">
              <value>
                <![CDATA[[TestResult name=clickBookShelfTest status=SUCCESS method=ProductPageTestCases.clickBookShelfTest()[pri:2, instance:com.java.bookTest.ProductPageTestCases@393671df] output={null}]]]>
              </value>
            </param>
          </params>
          <reporter-output>
          </reporter-output>
        </test-method> <!-- getResult -->
        <test-method signature="popupTest()[pri:3, instance:com.java.bookTest.ProductPageTestCases@393671df]" started-at="2024-04-04T15:15:16 IST" name="popupTest" finished-at="2024-04-04T15:15:21 IST" duration-ms="5242" status="PASS">
          <reporter-output>
          </reporter-output>
        </test-method> <!-- popupTest -->
        <test-method is-config="true" signature="takeScreenShot()[pri:0, instance:com.java.bookTest.ProductPageTestCases@393671df]" started-at="2024-04-04T15:15:21 IST" name="takeScreenShot" finished-at="2024-04-04T15:15:21 IST" duration-ms="328" status="PASS">
          <reporter-output>
          </reporter-output>
        </test-method> <!-- takeScreenShot -->
        <test-method is-config="true" signature="getResult(org.testng.ITestResult)[pri:0, instance:com.java.bookTest.ProductPageTestCases@393671df]" started-at="2024-04-04T15:15:21 IST" name="getResult" finished-at="2024-04-04T15:15:21 IST" duration-ms="0" status="PASS">
          <params>
            <param index="0">
              <value>
                <![CDATA[[TestResult name=popupTest status=SUCCESS method=ProductPageTestCases.popupTest()[pri:3, instance:com.java.bookTest.ProductPageTestCases@393671df] output={null}]]]>
              </value>
            </param>
          </params>
          <reporter-output>
          </reporter-output>
        </test-method> <!-- getResult -->
        <test-method signature="PriceSliderTest()[pri:4, instance:com.java.bookTest.ProductPageTestCases@393671df]" started-at="2024-04-04T15:15:21 IST" name="PriceSliderTest" finished-at="2024-04-04T15:15:35 IST" duration-ms="13811" status="PASS">
          <reporter-output>
          </reporter-output>
        </test-method> <!-- PriceSliderTest -->
        <test-method is-config="true" signature="takeScreenShot()[pri:0, instance:com.java.bookTest.ProductPageTestCases@393671df]" started-at="2024-04-04T15:15:35 IST" name="takeScreenShot" finished-at="2024-04-04T15:15:35 IST" duration-ms="270" status="PASS">
          <reporter-output>
          </reporter-output>
        </test-method> <!-- takeScreenShot -->
        <test-method is-config="true" signature="getResult(org.testng.ITestResult)[pri:0, instance:com.java.bookTest.ProductPageTestCases@393671df]" started-at="2024-04-04T15:15:35 IST" name="getResult" finished-at="2024-04-04T15:15:35 IST" duration-ms="0" status="PASS">
          <params>
            <param index="0">
              <value>
                <![CDATA[[TestResult name=PriceSliderTest status=SUCCESS method=ProductPageTestCases.PriceSliderTest()[pri:4, instance:com.java.bookTest.ProductPageTestCases@393671df] output={null}]]]>
              </value>
            </param>
          </params>
          <reporter-output>
          </reporter-output>
        </test-method> <!-- getResult -->
        <test-method signature="StorageTypeTest()[pri:5, instance:com.java.bookTest.ProductPageTestCases@393671df]" started-at="2024-04-04T15:15:35 IST" name="StorageTypeTest" finished-at="2024-04-04T15:15:36 IST" duration-ms="404" status="PASS">
          <reporter-output>
          </reporter-output>
        </test-method> <!-- StorageTypeTest -->
        <test-method is-config="true" signature="takeScreenShot()[pri:0, instance:com.java.bookTest.ProductPageTestCases@393671df]" started-at="2024-04-04T15:15:36 IST" name="takeScreenShot" finished-at="2024-04-04T15:15:36 IST" duration-ms="180" status="PASS">
          <reporter-output>
          </reporter-output>
        </test-method> <!-- takeScreenShot -->
        <test-method is-config="true" signature="getResult(org.testng.ITestResult)[pri:0, instance:com.java.bookTest.ProductPageTestCases@393671df]" started-at="2024-04-04T15:15:36 IST" name="getResult" finished-at="2024-04-04T15:15:36 IST" duration-ms="0" status="PASS">
          <params>
            <param index="0">
              <value>
                <![CDATA[[TestResult name=StorageTypeTest status=SUCCESS method=ProductPageTestCases.StorageTypeTest()[pri:5, instance:com.java.bookTest.ProductPageTestCases@393671df] output={null}]]]>
              </value>
            </param>
          </params>
          <reporter-output>
          </reporter-output>
        </test-method> <!-- getResult -->
        <test-method signature="ExcludeOutOfStockTest()[pri:6, instance:com.java.bookTest.ProductPageTestCases@393671df]" started-at="2024-04-04T15:15:36 IST" name="ExcludeOutOfStockTest" finished-at="2024-04-04T15:15:36 IST" duration-ms="188" status="PASS">
          <reporter-output>
          </reporter-output>
        </test-method> <!-- ExcludeOutOfStockTest -->
        <test-method is-config="true" signature="takeScreenShot()[pri:0, instance:com.java.bookTest.ProductPageTestCases@393671df]" started-at="2024-04-04T15:15:36 IST" name="takeScreenShot" finished-at="2024-04-04T15:15:36 IST" duration-ms="180" status="PASS">
          <reporter-output>
          </reporter-output>
        </test-method> <!-- takeScreenShot -->
        <test-method is-config="true" signature="getResult(org.testng.ITestResult)[pri:0, instance:com.java.bookTest.ProductPageTestCases@393671df]" started-at="2024-04-04T15:15:36 IST" name="getResult" finished-at="2024-04-04T15:15:36 IST" duration-ms="0" status="PASS">
          <params>
            <param index="0">
              <value>
                <![CDATA[[TestResult name=ExcludeOutOfStockTest status=SUCCESS method=ProductPageTestCases.ExcludeOutOfStockTest()[pri:6, instance:com.java.bookTest.ProductPageTestCases@393671df] output={null}]]]>
              </value>
            </param>
          </params>
          <reporter-output>
          </reporter-output>
        </test-method> <!-- getResult -->
        <test-method signature="listOfProductsTest()[pri:7, instance:com.java.bookTest.ProductPageTestCases@393671df]" started-at="2024-04-04T15:15:36 IST" name="listOfProductsTest" finished-at="2024-04-04T15:15:41 IST" duration-ms="4246" status="PASS">
          <reporter-output>
          </reporter-output>
        </test-method> <!-- listOfProductsTest -->
        <test-method is-config="true" signature="takeScreenShot()[pri:0, instance:com.java.bookTest.ProductPageTestCases@393671df]" started-at="2024-04-04T15:15:41 IST" name="takeScreenShot" finished-at="2024-04-04T15:15:41 IST" duration-ms="159" status="PASS">
          <reporter-output>
          </reporter-output>
        </test-method> <!-- takeScreenShot -->
        <test-method is-config="true" signature="afterTest()[pri:0, instance:com.java.bookTest.ProductPageTestCases@393671df]" started-at="2024-04-04T15:15:41 IST" name="afterTest" finished-at="2024-04-04T15:15:44 IST" duration-ms="2887" status="PASS">
          <reporter-output>
          </reporter-output>
        </test-method> <!-- afterTest -->
        <test-method is-config="true" signature="getResult(org.testng.ITestResult)[pri:0, instance:com.java.bookTest.ProductPageTestCases@393671df]" started-at="2024-04-04T15:15:41 IST" name="getResult" finished-at="2024-04-04T15:15:41 IST" duration-ms="0" status="PASS">
          <params>
            <param index="0">
              <value>
                <![CDATA[[TestResult name=listOfProductsTest status=SUCCESS method=ProductPageTestCases.listOfProductsTest()[pri:7, instance:com.java.bookTest.ProductPageTestCases@393671df] output={null}]]]>
              </value>
            </param>
          </params>
          <reporter-output>
          </reporter-output>
        </test-method> <!-- getResult -->
      </class> <!-- com.java.bookTest.ProductPageTestCases -->
    </test> <!-- ChromeTest1 -->
    <test started-at="2024-04-04T15:15:44 IST" name="ChromeTest2" finished-at="2024-04-04T15:16:04 IST" duration-ms="20224">
      <class name="com.java.bookTest.HomePageTestCases">
        <test-method is-config="true" signature="beforeTest(java.lang.String)[pri:0, instance:com.java.bookTest.HomePageTestCases@dd8ba08]" started-at="2024-04-04T15:15:44 IST" name="beforeTest" finished-at="2024-04-04T15:15:54 IST" duration-ms="10760" status="PASS">
          <params>
            <param index="0">
              <value>
                <![CDATA[chrome]]>
              </value>
            </param>
          </params>
          <reporter-output>
          </reporter-output>
        </test-method> <!-- beforeTest -->
        <test-method signature="checkUrl()[pri:1, instance:com.java.bookTest.HomePageTestCases@dd8ba08]" started-at="2024-04-04T15:15:54 IST" name="checkUrl" finished-at="2024-04-04T15:15:54 IST" duration-ms="14" status="PASS">
          <reporter-output>
          </reporter-output>
        </test-method> <!-- checkUrl -->
        <test-method is-config="true" signature="takeScreenShot()[pri:0, instance:com.java.bookTest.HomePageTestCases@dd8ba08]" started-at="2024-04-04T15:15:54 IST" name="takeScreenShot" finished-at="2024-04-04T15:15:55 IST" duration-ms="303" status="PASS">
          <reporter-output>
          </reporter-output>
        </test-method> <!-- takeScreenShot -->
        <test-method is-config="true" signature="getResult(org.testng.ITestResult)[pri:0, instance:com.java.bookTest.HomePageTestCases@dd8ba08]" started-at="2024-04-04T15:15:55 IST" name="getResult" finished-at="2024-04-04T15:15:55 IST" duration-ms="0" status="PASS">
          <params>
            <param index="0">
              <value>
                <![CDATA[[TestResult name=checkUrl status=SUCCESS method=HomePageTestCases.checkUrl()[pri:1, instance:com.java.bookTest.HomePageTestCases@dd8ba08] output={null}]]]>
              </value>
            </param>
          </params>
          <reporter-output>
          </reporter-output>
        </test-method> <!-- getResult -->
        <test-method signature="checkTitle()[pri:2, instance:com.java.bookTest.HomePageTestCases@dd8ba08]" started-at="2024-04-04T15:15:55 IST" name="checkTitle" finished-at="2024-04-04T15:15:55 IST" duration-ms="11" status="PASS">
          <reporter-output>
          </reporter-output>
        </test-method> <!-- checkTitle -->
        <test-method is-config="true" signature="takeScreenShot()[pri:0, instance:com.java.bookTest.HomePageTestCases@dd8ba08]" started-at="2024-04-04T15:15:55 IST" name="takeScreenShot" finished-at="2024-04-04T15:15:55 IST" duration-ms="278" status="PASS">
          <reporter-output>
          </reporter-output>
        </test-method> <!-- takeScreenShot -->
        <test-method is-config="true" signature="getResult(org.testng.ITestResult)[pri:0, instance:com.java.bookTest.HomePageTestCases@dd8ba08]" started-at="2024-04-04T15:15:55 IST" name="getResult" finished-at="2024-04-04T15:15:55 IST" duration-ms="1" status="PASS">
          <params>
            <param index="0">
              <value>
                <![CDATA[[TestResult name=checkTitle status=SUCCESS method=HomePageTestCases.checkTitle()[pri:2, instance:com.java.bookTest.HomePageTestCases@dd8ba08] output={null}]]]>
              </value>
            </param>
          </params>
          <reporter-output>
          </reporter-output>
        </test-method> <!-- getResult -->
        <test-method signature="ExtractDeal()[pri:3, instance:com.java.bookTest.HomePageTestCases@dd8ba08]" started-at="2024-04-04T15:15:55 IST" name="ExtractDeal" finished-at="2024-04-04T15:16:01 IST" duration-ms="6453" status="PASS">
          <reporter-output>
          </reporter-output>
        </test-method> <!-- ExtractDeal -->
        <test-method is-config="true" signature="takeScreenShot()[pri:0, instance:com.java.bookTest.HomePageTestCases@dd8ba08]" started-at="2024-04-04T15:16:02 IST" name="takeScreenShot" finished-at="2024-04-04T15:16:02 IST" duration-ms="338" status="PASS">
          <reporter-output>
          </reporter-output>
        </test-method> <!-- takeScreenShot -->
        <test-method is-config="true" signature="afterTest()[pri:0, instance:com.java.bookTest.HomePageTestCases@dd8ba08]" started-at="2024-04-04T15:16:02 IST" name="afterTest" finished-at="2024-04-04T15:16:04 IST" duration-ms="2058" status="PASS">
          <reporter-output>
          </reporter-output>
        </test-method> <!-- afterTest -->
        <test-method is-config="true" signature="getResult(org.testng.ITestResult)[pri:0, instance:com.java.bookTest.HomePageTestCases@dd8ba08]" started-at="2024-04-04T15:16:02 IST" name="getResult" finished-at="2024-04-04T15:16:02 IST" duration-ms="0" status="PASS">
          <params>
            <param index="0">
              <value>
                <![CDATA[[TestResult name=ExtractDeal status=SUCCESS method=HomePageTestCases.ExtractDeal()[pri:3, instance:com.java.bookTest.HomePageTestCases@dd8ba08] output={null}]]]>
              </value>
            </param>
          </params>
          <reporter-output>
          </reporter-output>
        </test-method> <!-- getResult -->
      </class> <!-- com.java.bookTest.HomePageTestCases -->
    </test> <!-- ChromeTest2 -->
    <test started-at="2024-04-04T15:16:04 IST" name="ChromeTest3" finished-at="2024-04-04T15:17:27 IST" duration-ms="83355">
      <class name="com.java.bookTest.GiftCardPageTestCases">
        <test-method is-config="true" signature="beforeTest(java.lang.String)[pri:0, instance:com.java.bookTest.GiftCardPageTestCases@74fe5c40]" started-at="2024-04-04T15:16:04 IST" name="beforeTest" finished-at="2024-04-04T15:16:37 IST" duration-ms="32778" status="PASS">
          <params>
            <param index="0">
              <value>
                <![CDATA[chrome]]>
              </value>
            </param>
          </params>
          <reporter-output>
          </reporter-output>
        </test-method> <!-- beforeTest -->
        <test-method signature="checkUrlTest()[pri:1, instance:com.java.bookTest.GiftCardPageTestCases@74fe5c40]" started-at="2024-04-04T15:16:37 IST" name="checkUrlTest" finished-at="2024-04-04T15:16:37 IST" duration-ms="13" status="PASS">
          <reporter-output>
          </reporter-output>
        </test-method> <!-- checkUrlTest -->
        <test-method is-config="true" signature="takeScreenShot()[pri:0, instance:com.java.bookTest.GiftCardPageTestCases@74fe5c40]" started-at="2024-04-04T15:16:37 IST" name="takeScreenShot" finished-at="2024-04-04T15:16:37 IST" duration-ms="356" status="PASS">
          <reporter-output>
          </reporter-output>
        </test-method> <!-- takeScreenShot -->
        <test-method is-config="true" signature="getResult(org.testng.ITestResult)[pri:0, instance:com.java.bookTest.GiftCardPageTestCases@74fe5c40]" started-at="2024-04-04T15:16:37 IST" name="getResult" finished-at="2024-04-04T15:16:37 IST" duration-ms="1" status="PASS">
          <params>
            <param index="0">
              <value>
                <![CDATA[[TestResult name=checkUrlTest status=SUCCESS method=GiftCardPageTestCases.checkUrlTest()[pri:1, instance:com.java.bookTest.GiftCardPageTestCases@74fe5c40] output={null}]]]>
              </value>
            </param>
          </params>
          <reporter-output>
          </reporter-output>
        </test-method> <!-- getResult -->
        <test-method signature="checkClickGiftCardTest()[pri:2, instance:com.java.bookTest.GiftCardPageTestCases@74fe5c40]" started-at="2024-04-04T15:16:37 IST" name="checkClickGiftCardTest" finished-at="2024-04-04T15:17:16 IST" duration-ms="38993" status="PASS">
          <reporter-output>
          </reporter-output>
        </test-method> <!-- checkClickGiftCardTest -->
        <test-method is-config="true" signature="takeScreenShot()[pri:0, instance:com.java.bookTest.GiftCardPageTestCases@74fe5c40]" started-at="2024-04-04T15:17:16 IST" name="takeScreenShot" finished-at="2024-04-04T15:17:16 IST" duration-ms="305" status="PASS">
          <reporter-output>
          </reporter-output>
        </test-method> <!-- takeScreenShot -->
        <test-method is-config="true" signature="getResult(org.testng.ITestResult)[pri:0, instance:com.java.bookTest.GiftCardPageTestCases@74fe5c40]" started-at="2024-04-04T15:17:16 IST" name="getResult" finished-at="2024-04-04T15:17:16 IST" duration-ms="1" status="PASS">
          <params>
            <param index="0">
              <value>
                <![CDATA[[TestResult name=checkClickGiftCardTest status=SUCCESS method=GiftCardPageTestCases.checkClickGiftCardTest()[pri:2, instance:com.java.bookTest.GiftCardPageTestCases@74fe5c40] output={null}]]]>
              </value>
            </param>
          </params>
          <reporter-output>
          </reporter-output>
        </test-method> <!-- getResult -->
        <test-method signature="OccasionHandleTest()[pri:3, instance:com.java.bookTest.GiftCardPageTestCases@74fe5c40]" started-at="2024-04-04T15:17:16 IST" name="OccasionHandleTest" finished-at="2024-04-04T15:17:17 IST" duration-ms="346" status="PASS">
          <reporter-output>
          </reporter-output>
        </test-method> <!-- OccasionHandleTest -->
        <test-method is-config="true" signature="takeScreenShot()[pri:0, instance:com.java.bookTest.GiftCardPageTestCases@74fe5c40]" started-at="2024-04-04T15:17:17 IST" name="takeScreenShot" finished-at="2024-04-04T15:17:17 IST" duration-ms="310" status="PASS">
          <reporter-output>
          </reporter-output>
        </test-method> <!-- takeScreenShot -->
        <test-method is-config="true" signature="getResult(org.testng.ITestResult)[pri:0, instance:com.java.bookTest.GiftCardPageTestCases@74fe5c40]" started-at="2024-04-04T15:17:17 IST" name="getResult" finished-at="2024-04-04T15:17:17 IST" duration-ms="1" status="PASS">
          <params>
            <param index="0">
              <value>
                <![CDATA[[TestResult name=OccasionHandleTest status=SUCCESS method=GiftCardPageTestCases.OccasionHandleTest()[pri:3, instance:com.java.bookTest.GiftCardPageTestCases@74fe5c40] output={null}]]]>
              </value>
            </param>
          </params>
          <reporter-output>
          </reporter-output>
        </test-method> <!-- getResult -->
        <test-method signature="AmountHandlerTest()[pri:4, instance:com.java.bookTest.GiftCardPageTestCases@74fe5c40]" started-at="2024-04-04T15:17:17 IST" name="AmountHandlerTest" finished-at="2024-04-04T15:17:17 IST" duration-ms="219" status="PASS">
          <reporter-output>
          </reporter-output>
        </test-method> <!-- AmountHandlerTest -->
        <test-method is-config="true" signature="takeScreenShot()[pri:0, instance:com.java.bookTest.GiftCardPageTestCases@74fe5c40]" started-at="2024-04-04T15:17:17 IST" name="takeScreenShot" finished-at="2024-04-04T15:17:18 IST" duration-ms="279" status="PASS">
          <reporter-output>
          </reporter-output>
        </test-method> <!-- takeScreenShot -->
        <test-method is-config="true" signature="getResult(org.testng.ITestResult)[pri:0, instance:com.java.bookTest.GiftCardPageTestCases@74fe5c40]" started-at="2024-04-04T15:17:18 IST" name="getResult" finished-at="2024-04-04T15:17:18 IST" duration-ms="0" status="PASS">
          <params>
            <param index="0">
              <value>
                <![CDATA[[TestResult name=AmountHandlerTest status=SUCCESS method=GiftCardPageTestCases.AmountHandlerTest()[pri:4, instance:com.java.bookTest.GiftCardPageTestCases@74fe5c40] output={null}]]]>
              </value>
            </param>
          </params>
          <reporter-output>
          </reporter-output>
        </test-method> <!-- getResult -->
        <test-method signature="DropDownHandlerTest()[pri:5, instance:com.java.bookTest.GiftCardPageTestCases@74fe5c40]" started-at="2024-04-04T15:17:18 IST" name="DropDownHandlerTest" finished-at="2024-04-04T15:17:18 IST" duration-ms="779" status="PASS">
          <reporter-output>
          </reporter-output>
        </test-method> <!-- DropDownHandlerTest -->
        <test-method is-config="true" signature="takeScreenShot()[pri:0, instance:com.java.bookTest.GiftCardPageTestCases@74fe5c40]" started-at="2024-04-04T15:17:18 IST" name="takeScreenShot" finished-at="2024-04-04T15:17:19 IST" duration-ms="221" status="PASS">
          <reporter-output>
          </reporter-output>
        </test-method> <!-- takeScreenShot -->
        <test-method is-config="true" signature="getResult(org.testng.ITestResult)[pri:0, instance:com.java.bookTest.GiftCardPageTestCases@74fe5c40]" started-at="2024-04-04T15:17:19 IST" name="getResult" finished-at="2024-04-04T15:17:19 IST" duration-ms="1" status="PASS">
          <params>
            <param index="0">
              <value>
                <![CDATA[[TestResult name=DropDownHandlerTest status=SUCCESS method=GiftCardPageTestCases.DropDownHandlerTest()[pri:5, instance:com.java.bookTest.GiftCardPageTestCases@74fe5c40] output={null}]]]>
              </value>
            </param>
          </params>
          <reporter-output>
          </reporter-output>
        </test-method> <!-- getResult -->
        <test-method signature="ButtonHandleTest()[pri:6, instance:com.java.bookTest.GiftCardPageTestCases@74fe5c40]" started-at="2024-04-04T15:17:19 IST" name="ButtonHandleTest" finished-at="2024-04-04T15:17:19 IST" duration-ms="167" status="PASS">
          <reporter-output>
          </reporter-output>
        </test-method> <!-- ButtonHandleTest -->
        <test-method is-config="true" signature="takeScreenShot()[pri:0, instance:com.java.bookTest.GiftCardPageTestCases@74fe5c40]" started-at="2024-04-04T15:17:19 IST" name="takeScreenShot" finished-at="2024-04-04T15:17:19 IST" duration-ms="275" status="PASS">
          <reporter-output>
          </reporter-output>
        </test-method> <!-- takeScreenShot -->
        <test-method is-config="true" signature="getResult(org.testng.ITestResult)[pri:0, instance:com.java.bookTest.GiftCardPageTestCases@74fe5c40]" started-at="2024-04-04T15:17:19 IST" name="getResult" finished-at="2024-04-04T15:17:19 IST" duration-ms="1" status="PASS">
          <params>
            <param index="0">
              <value>
                <![CDATA[[TestResult name=ButtonHandleTest status=SUCCESS method=GiftCardPageTestCases.ButtonHandleTest()[pri:6, instance:com.java.bookTest.GiftCardPageTestCases@74fe5c40] output={null}]]]>
              </value>
            </param>
          </params>
          <reporter-output>
          </reporter-output>
        </test-method> <!-- getResult -->
        <test-method signature="enterFormDetailsTest(java.lang.String,java.lang.String,java.lang.String,java.lang.String,java.lang.String,java.lang.String,java.lang.String,java.lang.String)[pri:7, instance:com.java.bookTest.GiftCardPageTestCases@74fe5c40]" started-at="2024-04-04T15:17:20 IST" name="enterFormDetailsTest" data-provider="enterFormDetailsTest" finished-at="2024-04-04T15:17:24 IST" duration-ms="3897" status="PASS">
          <params>
            <param index="0">
              <value>
                <![CDATA[shreya]]>
              </value>
            </param>
            <param index="1">
              <value>
                <![CDATA[shreya1]]>
              </value>
            </param>
            <param index="2">
              <value>
                <![CDATA[9.876543211E9]]>
              </value>
            </param>
            <param index="3">
              <value>
                <![CDATA[chotu]]>
              </value>
            </param>
            <param index="4">
              <value>
                <![CDATA[chotu@gmail.com]]>
              </value>
            </param>
            <param index="5">
              <value>
                <![CDATA[9.876543212E9]]>
              </value>
            </param>
            <param index="6">
              <value>
                <![CDATA[park square]]>
              </value>
            </param>
            <param index="7">
              <value>
                <![CDATA[700009.0]]>
              </value>
            </param>
          </params>
          <reporter-output>
          </reporter-output>
        </test-method> <!-- enterFormDetailsTest -->
        <test-method is-config="true" signature="takeScreenShot()[pri:0, instance:com.java.bookTest.GiftCardPageTestCases@74fe5c40]" started-at="2024-04-04T15:17:24 IST" name="takeScreenShot" finished-at="2024-04-04T15:17:25 IST" duration-ms="177" status="PASS">
          <reporter-output>
          </reporter-output>
        </test-method> <!-- takeScreenShot -->
        <test-method is-config="true" signature="getResult(org.testng.ITestResult)[pri:0, instance:com.java.bookTest.GiftCardPageTestCases@74fe5c40]" started-at="2024-04-04T15:17:25 IST" name="getResult" finished-at="2024-04-04T15:17:25 IST" duration-ms="1" status="PASS">
          <params>
            <param index="0">
              <value>
                <![CDATA[[TestResult name=enterFormDetailsTest status=SUCCESS method=GiftCardPageTestCases.enterFormDetailsTest(java.lang.String,java.lang.String,java.lang.String,java.lang.String,java.lang.String,java.lang.String,java.lang.String,java.lang.String)[pri:7, instance:com.java.bookTest.GiftCardPageTestCases@74fe5c40] output={null}]]]>
              </value>
            </param>
          </params>
          <reporter-output>
          </reporter-output>
        </test-method> <!-- getResult -->
        <test-method is-config="true" signature="afterTest()[pri:0, instance:com.java.bookTest.GiftCardPageTestCases@74fe5c40]" started-at="2024-04-04T15:17:25 IST" name="afterTest" finished-at="2024-04-04T15:17:27 IST" duration-ms="2718" status="PASS">
          <reporter-output>
          </reporter-output>
        </test-method> <!-- afterTest -->
      </class> <!-- com.java.bookTest.GiftCardPageTestCases -->
    </test> <!-- ChromeTest3 -->
    <test started-at="2024-04-04T15:17:27 IST" name="EdgeTest1" finished-at="2024-04-04T15:18:22 IST" duration-ms="55075">
      <class name="com.java.bookTest.ProductPageTestCases">
        <test-method is-config="true" signature="beforeTest(java.lang.String)[pri:0, instance:com.java.bookTest.ProductPageTestCases@77847718]" started-at="2024-04-04T15:17:27 IST" name="beforeTest" finished-at="2024-04-04T15:17:46 IST" duration-ms="18999" status="PASS">
          <params>
            <param index="0">
              <value>
                <![CDATA[edge]]>
              </value>
            </param>
          </params>
          <reporter-output>
          </reporter-output>
        </test-method> <!-- beforeTest -->
        <test-method signature="checkUrl()[pri:1, instance:com.java.bookTest.ProductPageTestCases@77847718]" started-at="2024-04-04T15:17:46 IST" name="checkUrl" finished-at="2024-04-04T15:17:46 IST" duration-ms="41" status="PASS">
          <reporter-output>
          </reporter-output>
        </test-method> <!-- checkUrl -->
        <test-method is-config="true" signature="takeScreenShot()[pri:0, instance:com.java.bookTest.ProductPageTestCases@77847718]" started-at="2024-04-04T15:17:46 IST" name="takeScreenShot" finished-at="2024-04-04T15:17:47 IST" duration-ms="700" status="PASS">
          <reporter-output>
          </reporter-output>
        </test-method> <!-- takeScreenShot -->
        <test-method is-config="true" signature="getResult(org.testng.ITestResult)[pri:0, instance:com.java.bookTest.ProductPageTestCases@77847718]" started-at="2024-04-04T15:17:47 IST" name="getResult" finished-at="2024-04-04T15:17:47 IST" duration-ms="0" status="PASS">
          <params>
            <param index="0">
              <value>
                <![CDATA[[TestResult name=checkUrl status=SUCCESS method=ProductPageTestCases.checkUrl()[pri:1, instance:com.java.bookTest.ProductPageTestCases@77847718] output={null}]]]>
              </value>
            </param>
          </params>
          <reporter-output>
          </reporter-output>
        </test-method> <!-- getResult -->
        <test-method signature="clickBookShelfTest()[pri:2, instance:com.java.bookTest.ProductPageTestCases@77847718]" started-at="2024-04-04T15:17:47 IST" name="clickBookShelfTest" finished-at="2024-04-04T15:17:52 IST" duration-ms="4871" status="PASS">
          <reporter-output>
          </reporter-output>
        </test-method> <!-- clickBookShelfTest -->
        <test-method is-config="true" signature="takeScreenShot()[pri:0, instance:com.java.bookTest.ProductPageTestCases@77847718]" started-at="2024-04-04T15:17:52 IST" name="takeScreenShot" finished-at="2024-04-04T15:17:53 IST" duration-ms="624" status="PASS">
          <reporter-output>
          </reporter-output>
        </test-method> <!-- takeScreenShot -->
        <test-method is-config="true" signature="getResult(org.testng.ITestResult)[pri:0, instance:com.java.bookTest.ProductPageTestCases@77847718]" started-at="2024-04-04T15:17:53 IST" name="getResult" finished-at="2024-04-04T15:17:53 IST" duration-ms="0" status="PASS">
          <params>
            <param index="0">
              <value>
                <![CDATA[[TestResult name=clickBookShelfTest status=SUCCESS method=ProductPageTestCases.clickBookShelfTest()[pri:2, instance:com.java.bookTest.ProductPageTestCases@77847718] output={null}]]]>
              </value>
            </param>
          </params>
          <reporter-output>
          </reporter-output>
        </test-method> <!-- getResult -->
        <test-method signature="popupTest()[pri:3, instance:com.java.bookTest.ProductPageTestCases@77847718]" started-at="2024-04-04T15:17:53 IST" name="popupTest" finished-at="2024-04-04T15:17:58 IST" duration-ms="5445" status="PASS">
          <reporter-output>
          </reporter-output>
        </test-method> <!-- popupTest -->
        <test-method is-config="true" signature="takeScreenShot()[pri:0, instance:com.java.bookTest.ProductPageTestCases@77847718]" started-at="2024-04-04T15:17:58 IST" name="takeScreenShot" finished-at="2024-04-04T15:17:58 IST" duration-ms="285" status="PASS">
          <reporter-output>
          </reporter-output>
        </test-method> <!-- takeScreenShot -->
        <test-method is-config="true" signature="getResult(org.testng.ITestResult)[pri:0, instance:com.java.bookTest.ProductPageTestCases@77847718]" started-at="2024-04-04T15:17:58 IST" name="getResult" finished-at="2024-04-04T15:17:58 IST" duration-ms="0" status="PASS">
          <params>
            <param index="0">
              <value>
                <![CDATA[[TestResult name=popupTest status=SUCCESS method=ProductPageTestCases.popupTest()[pri:3, instance:com.java.bookTest.ProductPageTestCases@77847718] output={null}]]]>
              </value>
            </param>
          </params>
          <reporter-output>
          </reporter-output>
        </test-method> <!-- getResult -->
        <test-method signature="PriceSliderTest()[pri:4, instance:com.java.bookTest.ProductPageTestCases@77847718]" started-at="2024-04-04T15:17:58 IST" name="PriceSliderTest" finished-at="2024-04-04T15:18:12 IST" duration-ms="13708" status="FAIL">
          <exception class="java.lang.AssertionError">
            <message>
              <![CDATA[expected [true] but found [false]]]>
            </message>
            <full-stacktrace>
              <![CDATA[java.lang.AssertionError: expected [true] but found [false]
at org.testng.Assert.fail(Assert.java:99)
at org.testng.Assert.failNotEquals(Assert.java:1037)
at org.testng.Assert.assertTrue(Assert.java:45)
at org.testng.Assert.assertTrue(Assert.java:55)
at com.java.bookTest.ProductPageTestCases.PriceSliderTest(ProductPageTestCases.java:81)
at java.base/jdk.internal.reflect.NativeMethodAccessorImpl.invoke0(Native Method)
at java.base/jdk.internal.reflect.NativeMethodAccessorImpl.invoke(NativeMethodAccessorImpl.java:77)
at java.base/jdk.internal.reflect.DelegatingMethodAccessorImpl.invoke(DelegatingMethodAccessorImpl.java:43)
at java.base/java.lang.reflect.Method.invoke(Method.java:568)
at org.testng.internal.MethodInvocationHelper.invokeMethod(MethodInvocationHelper.java:133)
at org.testng.internal.TestInvoker.invokeMethod(TestInvoker.java:598)
at org.testng.internal.TestInvoker.invokeTestMethod(TestInvoker.java:173)
at org.testng.internal.MethodRunner.runInSequence(MethodRunner.java:46)
at org.testng.internal.TestInvoker$MethodInvocationAgent.invoke(TestInvoker.java:824)
at org.testng.internal.TestInvoker.invokeTestMethods(TestInvoker.java:146)
at org.testng.internal.TestMethodWorker.invokeTestMethods(TestMethodWorker.java:146)
at org.testng.internal.TestMethodWorker.run(TestMethodWorker.java:128)
at java.base/java.util.ArrayList.forEach(ArrayList.java:1511)
at org.testng.TestRunner.privateRun(TestRunner.java:794)
at org.testng.TestRunner.run(TestRunner.java:596)
at org.testng.SuiteRunner.runTest(SuiteRunner.java:377)
at org.testng.SuiteRunner.runSequentially(SuiteRunner.java:371)
at org.testng.SuiteRunner.privateRun(SuiteRunner.java:332)
at org.testng.SuiteRunner.run(SuiteRunner.java:276)
at org.testng.SuiteRunnerWorker.runSuite(SuiteRunnerWorker.java:53)
at org.testng.SuiteRunnerWorker.run(SuiteRunnerWorker.java:96)
at org.testng.TestNG.runSuitesSequentially(TestNG.java:1212)
at org.testng.TestNG.runSuitesLocally(TestNG.java:1134)
at org.testng.TestNG.runSuites(TestNG.java:1063)
at org.testng.TestNG.run(TestNG.java:1031)
at org.testng.remote.AbstractRemoteTestNG.run(AbstractRemoteTestNG.java:115)
at org.testng.remote.RemoteTestNG.initAndRun(RemoteTestNG.java:251)
at org.testng.remote.RemoteTestNG.main(RemoteTestNG.java:77)
]]>
            </full-stacktrace>
          </exception> <!-- java.lang.AssertionError -->
          <reporter-output>
          </reporter-output>
        </test-method> <!-- PriceSliderTest -->
        <test-method is-config="true" signature="takeScreenShot()[pri:0, instance:com.java.bookTest.ProductPageTestCases@77847718]" started-at="2024-04-04T15:18:12 IST" name="takeScreenShot" finished-at="2024-04-04T15:18:12 IST" duration-ms="214" status="PASS">
          <reporter-output>
          </reporter-output>
        </test-method> <!-- takeScreenShot -->
        <test-method is-config="true" signature="getResult(org.testng.ITestResult)[pri:0, instance:com.java.bookTest.ProductPageTestCases@77847718]" started-at="2024-04-04T15:18:12 IST" name="getResult" finished-at="2024-04-04T15:18:12 IST" duration-ms="1" status="PASS">
          <params>
            <param index="0">
              <value>
                <![CDATA[[TestResult name=PriceSliderTest status=FAILURE method=ProductPageTestCases.PriceSliderTest()[pri:4, instance:com.java.bookTest.ProductPageTestCases@77847718] output={null}]]]>
              </value>
            </param>
          </params>
          <reporter-output>
          </reporter-output>
        </test-method> <!-- getResult -->
        <test-method signature="StorageTypeTest()[pri:5, instance:com.java.bookTest.ProductPageTestCases@77847718]" started-at="2024-04-04T15:18:12 IST" name="StorageTypeTest" finished-at="2024-04-04T15:18:12 IST" duration-ms="310" status="PASS">
          <reporter-output>
          </reporter-output>
        </test-method> <!-- StorageTypeTest -->
        <test-method is-config="true" signature="takeScreenShot()[pri:0, instance:com.java.bookTest.ProductPageTestCases@77847718]" started-at="2024-04-04T15:18:12 IST" name="takeScreenShot" finished-at="2024-04-04T15:18:13 IST" duration-ms="151" status="PASS">
          <reporter-output>
          </reporter-output>
        </test-method> <!-- takeScreenShot -->
        <test-method is-config="true" signature="getResult(org.testng.ITestResult)[pri:0, instance:com.java.bookTest.ProductPageTestCases@77847718]" started-at="2024-04-04T15:18:13 IST" name="getResult" finished-at="2024-04-04T15:18:13 IST" duration-ms="0" status="PASS">
          <params>
            <param index="0">
              <value>
                <![CDATA[[TestResult name=StorageTypeTest status=SUCCESS method=ProductPageTestCases.StorageTypeTest()[pri:5, instance:com.java.bookTest.ProductPageTestCases@77847718] output={null}]]]>
              </value>
            </param>
          </params>
          <reporter-output>
          </reporter-output>
        </test-method> <!-- getResult -->
        <test-method signature="ExcludeOutOfStockTest()[pri:6, instance:com.java.bookTest.ProductPageTestCases@77847718]" started-at="2024-04-04T15:18:13 IST" name="ExcludeOutOfStockTest" finished-at="2024-04-04T15:18:14 IST" duration-ms="1139" status="FAIL">
          <exception class="org.openqa.selenium.ElementClickInterceptedException">
            <message>
              <![CDATA[element click intercepted: Element <input type="checkbox" name="filters[availability][]" id="filters_availability_In_Stock_Only" value="In Stock Only"> is not clickable at point (847, 289). Other element would receive the click: <div id="block-overlay" style="width: 1008px; height: 5205px;"></div>
  (Session info: MicrosoftEdge=123.0.2420.65)
Build info: version: '4.18.1', revision: 'b1d3319b48'
System info: os.name: 'Windows 11', os.arch: 'amd64', os.version: '10.0', java.version: '17.0.2'
Driver info: org.openqa.selenium.edge.EdgeDriver
Command: [1c6aa5dfe453e7b697e227143d425adc, clickElement {id=f.D5708E2C194A6A4FAD9B05F2F96C1A83.d.15468B5DCC2CEA79AD7E580DB99861DF.e.176}]
Capabilities {acceptInsecureCerts: false, browserName: MicrosoftEdge, browserVersion: 123.0.2420.65, fedcm:accounts: true, ms:edgeOptions: {debuggerAddress: localhost:56124}, msedge: {msedgedriverVersion: 123.0.2420.65 (49b6a5859239..., userDataDir: C:\Windows\SystemTemp\scope...}, networkConnectionEnabled: false, pageLoadStrategy: normal, platformName: windows, proxy: Proxy(), se:cdp: ws://localhost:56124/devtoo..., se:cdpVersion: 123.0.2420.65, setWindowRect: true, strictFileInteractability: false, timeouts: {implicit: 0, pageLoad: 300000, script: 30000}, unhandledPromptBehavior: dismiss and notify, webauthn:extension:credBlob: true, webauthn:extension:largeBlob: true, webauthn:extension:minPinLength: true, webauthn:extension:prf: true, webauthn:virtualAuthenticators: true}
Element: [[EdgeDriver: MicrosoftEdge on windows (1c6aa5dfe453e7b697e227143d425adc)] -> id: filters_availability_In_Stock_Only]
Session ID: 1c6aa5dfe453e7b697e227143d425adc]]>
            </message>
            <full-stacktrace>
              <![CDATA[org.openqa.selenium.ElementClickInterceptedException: element click intercepted: Element <input type="checkbox" name="filters[availability][]" id="filters_availability_In_Stock_Only" value="In Stock Only"> is not clickable at point (847, 289). Other element would receive the click: <div id="block-overlay" style="width: 1008px; height: 5205px;"></div>
  (Session info: MicrosoftEdge=123.0.2420.65)
Build info: version: '4.18.1', revision: 'b1d3319b48'
System info: os.name: 'Windows 11', os.arch: 'amd64', os.version: '10.0', java.version: '17.0.2'
Driver info: org.openqa.selenium.edge.EdgeDriver
Command: [1c6aa5dfe453e7b697e227143d425adc, clickElement {id=f.D5708E2C194A6A4FAD9B05F2F96C1A83.d.15468B5DCC2CEA79AD7E580DB99861DF.e.176}]
Capabilities {acceptInsecureCerts: false, browserName: MicrosoftEdge, browserVersion: 123.0.2420.65, fedcm:accounts: true, ms:edgeOptions: {debuggerAddress: localhost:56124}, msedge: {msedgedriverVersion: 123.0.2420.65 (49b6a5859239..., userDataDir: C:\Windows\SystemTemp\scope...}, networkConnectionEnabled: false, pageLoadStrategy: normal, platformName: windows, proxy: Proxy(), se:cdp: ws://localhost:56124/devtoo..., se:cdpVersion: 123.0.2420.65, setWindowRect: true, strictFileInteractability: false, timeouts: {implicit: 0, pageLoad: 300000, script: 30000}, unhandledPromptBehavior: dismiss and notify, webauthn:extension:credBlob: true, webauthn:extension:largeBlob: true, webauthn:extension:minPinLength: true, webauthn:extension:prf: true, webauthn:virtualAuthenticators: true}
Element: [[EdgeDriver: MicrosoftEdge on windows (1c6aa5dfe453e7b697e227143d425adc)] -> id: filters_availability_In_Stock_Only]
Session ID: 1c6aa5dfe453e7b697e227143d425adc
at java.base/jdk.internal.reflect.NativeConstructorAccessorImpl.newInstance0(Native Method)
at java.base/jdk.internal.reflect.NativeConstructorAccessorImpl.newInstance(NativeConstructorAccessorImpl.java:77)
at java.base/jdk.internal.reflect.DelegatingConstructorAccessorImpl.newInstance(DelegatingConstructorAccessorImpl.java:45)
at java.base/java.lang.reflect.Constructor.newInstanceWithCaller(Constructor.java:499)
at java.base/java.lang.reflect.Constructor.newInstance(Constructor.java:480)
at org.openqa.selenium.remote.ErrorCodec.decode(ErrorCodec.java:167)
at org.openqa.selenium.remote.codec.w3c.W3CHttpResponseCodec.decode(W3CHttpResponseCodec.java:138)
at org.openqa.selenium.remote.codec.w3c.W3CHttpResponseCodec.decode(W3CHttpResponseCodec.java:50)
at org.openqa.selenium.remote.HttpCommandExecutor.execute(HttpCommandExecutor.java:190)
at org.openqa.selenium.remote.service.DriverCommandExecutor.invokeExecute(DriverCommandExecutor.java:216)
at org.openqa.selenium.remote.service.DriverCommandExecutor.execute(DriverCommandExecutor.java:174)
at org.openqa.selenium.remote.RemoteWebDriver.execute(RemoteWebDriver.java:519)
at org.openqa.selenium.remote.RemoteWebElement.execute(RemoteWebElement.java:223)
at org.openqa.selenium.remote.RemoteWebElement.click(RemoteWebElement.java:76)
at com.java.book.ProductPage.ExcludeOutOfStock(ProductPage.java:84)
at com.java.bookTest.ProductPageTestCases.ExcludeOutOfStockTest(ProductPageTestCases.java:97)
at java.base/jdk.internal.reflect.NativeMethodAccessorImpl.invoke0(Native Method)
at java.base/jdk.internal.reflect.NativeMethodAccessorImpl.invoke(NativeMethodAccessorImpl.java:77)
at java.base/jdk.internal.reflect.DelegatingMethodAccessorImpl.invoke(DelegatingMethodAccessorImpl.java:43)
at java.base/java.lang.reflect.Method.invoke(Method.java:568)
at org.testng.internal.MethodInvocationHelper.invokeMethod(MethodInvocationHelper.java:133)
at org.testng.internal.TestInvoker.invokeMethod(TestInvoker.java:598)
at org.testng.internal.TestInvoker.invokeTestMethod(TestInvoker.java:173)
at org.testng.internal.MethodRunner.runInSequence(MethodRunner.java:46)
at org.testng.internal.TestInvoker$MethodInvocationAgent.invoke(TestInvoker.java:824)
at org.testng.internal.TestInvoker.invokeTestMethods(TestInvoker.java:146)
at org.testng.internal.TestMethodWorker.invokeTestMethods(TestMethodWorker.java:146)
at org.testng.internal.TestMethodWorker.run(TestMethodWorker.java:128)
at java.base/java.util.ArrayList.forEach(ArrayList.java:1511)
at org.testng.TestRunner.privateRun(TestRunner.java:794)
at org.testng.TestRunner.run(TestRunner.java:596)
at org.testng.SuiteRunner.runTest(SuiteRunner.java:377)
at org.testng.SuiteRunner.runSequentially(SuiteRunner.java:371)
at org.testng.SuiteRunner.privateRun(SuiteRunner.java:332)
at org.testng.SuiteRunner.run(SuiteRunner.java:276)
at org.testng.SuiteRunnerWorker.runSuite(SuiteRunnerWorker.java:53)
at org.testng.SuiteRunnerWorker.run(SuiteRunnerWorker.java:96)
at org.testng.TestNG.runSuitesSequentially(TestNG.java:1212)
at org.testng.TestNG.runSuitesLocally(TestNG.java:1134)
at org.testng.TestNG.runSuites(TestNG.java:1063)
at org.testng.TestNG.run(TestNG.java:1031)
at org.testng.remote.AbstractRemoteTestNG.run(AbstractRemoteTestNG.java:115)
at org.testng.remote.RemoteTestNG.initAndRun(RemoteTestNG.java:251)
at org.testng.remote.RemoteTestNG.main(RemoteTestNG.java:77)
]]>
            </full-stacktrace>
          </exception> <!-- org.openqa.selenium.ElementClickInterceptedException -->
          <reporter-output>
          </reporter-output>
        </test-method> <!-- ExcludeOutOfStockTest -->
        <test-method is-config="true" signature="takeScreenShot()[pri:0, instance:com.java.bookTest.ProductPageTestCases@77847718]" started-at="2024-04-04T15:18:14 IST" name="takeScreenShot" finished-at="2024-04-04T15:18:14 IST" duration-ms="168" status="PASS">
          <reporter-output>
          </reporter-output>
        </test-method> <!-- takeScreenShot -->
        <test-method is-config="true" signature="getResult(org.testng.ITestResult)[pri:0, instance:com.java.bookTest.ProductPageTestCases@77847718]" started-at="2024-04-04T15:18:14 IST" name="getResult" finished-at="2024-04-04T15:18:14 IST" duration-ms="0" status="PASS">
          <params>
            <param index="0">
              <value>
                <![CDATA[[TestResult name=ExcludeOutOfStockTest status=FAILURE method=ProductPageTestCases.ExcludeOutOfStockTest()[pri:6, instance:com.java.bookTest.ProductPageTestCases@77847718] output={null}]]]>
              </value>
            </param>
          </params>
          <reporter-output>
          </reporter-output>
        </test-method> <!-- getResult -->
        <test-method signature="listOfProductsTest()[pri:7, instance:com.java.bookTest.ProductPageTestCases@77847718]" started-at="2024-04-04T15:18:14 IST" name="listOfProductsTest" finished-at="2024-04-04T15:18:18 IST" duration-ms="4204" status="PASS">
          <reporter-output>
          </reporter-output>
        </test-method> <!-- listOfProductsTest -->
        <test-method is-config="true" signature="takeScreenShot()[pri:0, instance:com.java.bookTest.ProductPageTestCases@77847718]" started-at="2024-04-04T15:18:18 IST" name="takeScreenShot" finished-at="2024-04-04T15:18:18 IST" duration-ms="193" status="PASS">
          <reporter-output>
          </reporter-output>
        </test-method> <!-- takeScreenShot -->
        <test-method is-config="true" signature="getResult(org.testng.ITestResult)[pri:0, instance:com.java.bookTest.ProductPageTestCases@77847718]" started-at="2024-04-04T15:18:18 IST" name="getResult" finished-at="2024-04-04T15:18:18 IST" duration-ms="0" status="PASS">
          <params>
            <param index="0">
              <value>
                <![CDATA[[TestResult name=listOfProductsTest status=SUCCESS method=ProductPageTestCases.listOfProductsTest()[pri:7, instance:com.java.bookTest.ProductPageTestCases@77847718] output={null}]]]>
              </value>
            </param>
          </params>
          <reporter-output>
          </reporter-output>
        </test-method> <!-- getResult -->
        <test-method is-config="true" signature="afterTest()[pri:0, instance:com.java.bookTest.ProductPageTestCases@77847718]" started-at="2024-04-04T15:18:18 IST" name="afterTest" finished-at="2024-04-04T15:18:22 IST" duration-ms="4001" status="PASS">
          <reporter-output>
          </reporter-output>
        </test-method> <!-- afterTest -->
      </class> <!-- com.java.bookTest.ProductPageTestCases -->
    </test> <!-- EdgeTest1 -->
    <test started-at="2024-04-04T15:18:22 IST" name="EdgeTest2" finished-at="2024-04-04T15:19:10 IST" duration-ms="48075">
      <class name="com.java.bookTest.HomePageTestCases">
        <test-method is-config="true" signature="beforeTest(java.lang.String)[pri:0, instance:com.java.bookTest.HomePageTestCases@5c33f1a9]" started-at="2024-04-04T15:18:22 IST" name="beforeTest" finished-at="2024-04-04T15:18:59 IST" duration-ms="36209" status="PASS">
          <params>
            <param index="0">
              <value>
                <![CDATA[edge]]>
              </value>
            </param>
          </params>
          <reporter-output>
          </reporter-output>
        </test-method> <!-- beforeTest -->
        <test-method signature="checkUrl()[pri:1, instance:com.java.bookTest.HomePageTestCases@5c33f1a9]" started-at="2024-04-04T15:18:59 IST" name="checkUrl" finished-at="2024-04-04T15:18:59 IST" duration-ms="259" status="PASS">
          <reporter-output>
          </reporter-output>
        </test-method> <!-- checkUrl -->
        <test-method is-config="true" signature="takeScreenShot()[pri:0, instance:com.java.bookTest.HomePageTestCases@5c33f1a9]" started-at="2024-04-04T15:18:59 IST" name="takeScreenShot" finished-at="2024-04-04T15:18:59 IST" duration-ms="398" status="PASS">
          <reporter-output>
          </reporter-output>
        </test-method> <!-- takeScreenShot -->
        <test-method is-config="true" signature="getResult(org.testng.ITestResult)[pri:0, instance:com.java.bookTest.HomePageTestCases@5c33f1a9]" started-at="2024-04-04T15:18:59 IST" name="getResult" finished-at="2024-04-04T15:18:59 IST" duration-ms="0" status="PASS">
          <params>
            <param index="0">
              <value>
                <![CDATA[[TestResult name=checkUrl status=SUCCESS method=HomePageTestCases.checkUrl()[pri:1, instance:com.java.bookTest.HomePageTestCases@5c33f1a9] output={null}]]]>
              </value>
            </param>
          </params>
          <reporter-output>
          </reporter-output>
        </test-method> <!-- getResult -->
        <test-method signature="checkTitle()[pri:2, instance:com.java.bookTest.HomePageTestCases@5c33f1a9]" started-at="2024-04-04T15:18:59 IST" name="checkTitle" finished-at="2024-04-04T15:18:59 IST" duration-ms="18" status="PASS">
          <reporter-output>
          </reporter-output>
        </test-method> <!-- checkTitle -->
        <test-method is-config="true" signature="takeScreenShot()[pri:0, instance:com.java.bookTest.HomePageTestCases@5c33f1a9]" started-at="2024-04-04T15:18:59 IST" name="takeScreenShot" finished-at="2024-04-04T15:19:00 IST" duration-ms="331" status="PASS">
          <reporter-output>
          </reporter-output>
        </test-method> <!-- takeScreenShot -->
        <test-method is-config="true" signature="getResult(org.testng.ITestResult)[pri:0, instance:com.java.bookTest.HomePageTestCases@5c33f1a9]" started-at="2024-04-04T15:19:00 IST" name="getResult" finished-at="2024-04-04T15:19:00 IST" duration-ms="1" status="PASS">
          <params>
            <param index="0">
              <value>
                <![CDATA[[TestResult name=checkTitle status=SUCCESS method=HomePageTestCases.checkTitle()[pri:2, instance:com.java.bookTest.HomePageTestCases@5c33f1a9] output={null}]]]>
              </value>
            </param>
          </params>
          <reporter-output>
          </reporter-output>
        </test-method> <!-- getResult -->
        <test-method signature="ExtractDeal()[pri:3, instance:com.java.bookTest.HomePageTestCases@5c33f1a9]" started-at="2024-04-04T15:19:00 IST" name="ExtractDeal" finished-at="2024-04-04T15:19:06 IST" duration-ms="6350" status="PASS">
          <reporter-output>
          </reporter-output>
        </test-method> <!-- ExtractDeal -->
        <test-method is-config="true" signature="takeScreenShot()[pri:0, instance:com.java.bookTest.HomePageTestCases@5c33f1a9]" started-at="2024-04-04T15:19:06 IST" name="takeScreenShot" finished-at="2024-04-04T15:19:06 IST" duration-ms="376" status="PASS">
          <reporter-output>
          </reporter-output>
        </test-method> <!-- takeScreenShot -->
        <test-method is-config="true" signature="afterTest()[pri:0, instance:com.java.bookTest.HomePageTestCases@5c33f1a9]" started-at="2024-04-04T15:19:06 IST" name="afterTest" finished-at="2024-04-04T15:19:10 IST" duration-ms="4119" status="PASS">
          <reporter-output>
          </reporter-output>
        </test-method> <!-- afterTest -->
        <test-method is-config="true" signature="getResult(org.testng.ITestResult)[pri:0, instance:com.java.bookTest.HomePageTestCases@5c33f1a9]" started-at="2024-04-04T15:19:06 IST" name="getResult" finished-at="2024-04-04T15:19:06 IST" duration-ms="0" status="PASS">
          <params>
            <param index="0">
              <value>
                <![CDATA[[TestResult name=ExtractDeal status=SUCCESS method=HomePageTestCases.ExtractDeal()[pri:3, instance:com.java.bookTest.HomePageTestCases@5c33f1a9] output={null}]]]>
              </value>
            </param>
          </params>
          <reporter-output>
          </reporter-output>
        </test-method> <!-- getResult -->
      </class> <!-- com.java.bookTest.HomePageTestCases -->
    </test> <!-- EdgeTest2 -->
    <test started-at="2024-04-04T15:19:10 IST" name="EdgeTest3" finished-at="2024-04-04T15:21:10 IST" duration-ms="119768">
      <class name="com.java.bookTest.GiftCardPageTestCases">
        <test-method is-config="true" signature="startReport()[pri:0, instance:com.java.bookTest.GiftCardPageTestCases@4ec4f3a0]" started-at="2024-04-04T15:14:31 IST" name="startReport" finished-at="2024-04-04T15:14:31 IST" duration-ms="262" status="PASS">
          <reporter-output>
          </reporter-output>
        </test-method> <!-- startReport -->
        <test-method is-config="true" signature="beforeTest(java.lang.String)[pri:0, instance:com.java.bookTest.GiftCardPageTestCases@4ec4f3a0]" started-at="2024-04-04T15:19:10 IST" name="beforeTest" finished-at="2024-04-04T15:20:27 IST" duration-ms="76133" status="PASS">
          <params>
            <param index="0">
              <value>
                <![CDATA[edge]]>
              </value>
            </param>
          </params>
          <reporter-output>
          </reporter-output>
        </test-method> <!-- beforeTest -->
        <test-method signature="checkUrlTest()[pri:1, instance:com.java.bookTest.GiftCardPageTestCases@4ec4f3a0]" started-at="2024-04-04T15:20:27 IST" name="checkUrlTest" finished-at="2024-04-04T15:20:27 IST" duration-ms="85" status="PASS">
          <reporter-output>
          </reporter-output>
        </test-method> <!-- checkUrlTest -->
        <test-method is-config="true" signature="takeScreenShot()[pri:0, instance:com.java.bookTest.GiftCardPageTestCases@4ec4f3a0]" started-at="2024-04-04T15:20:27 IST" name="takeScreenShot" finished-at="2024-04-04T15:20:27 IST" duration-ms="309" status="PASS">
          <reporter-output>
          </reporter-output>
        </test-method> <!-- takeScreenShot -->
        <test-method is-config="true" signature="getResult(org.testng.ITestResult)[pri:0, instance:com.java.bookTest.GiftCardPageTestCases@4ec4f3a0]" started-at="2024-04-04T15:20:27 IST" name="getResult" finished-at="2024-04-04T15:20:27 IST" duration-ms="1" status="PASS">
          <params>
            <param index="0">
              <value>
                <![CDATA[[TestResult name=checkUrlTest status=SUCCESS method=GiftCardPageTestCases.checkUrlTest()[pri:1, instance:com.java.bookTest.GiftCardPageTestCases@4ec4f3a0] output={null}]]]>
              </value>
            </param>
          </params>
          <reporter-output>
          </reporter-output>
        </test-method> <!-- getResult -->
        <test-method signature="checkClickGiftCardTest()[pri:2, instance:com.java.bookTest.GiftCardPageTestCases@4ec4f3a0]" started-at="2024-04-04T15:20:27 IST" name="checkClickGiftCardTest" finished-at="2024-04-04T15:20:59 IST" duration-ms="32294" status="PASS">
          <reporter-output>
          </reporter-output>
        </test-method> <!-- checkClickGiftCardTest -->
        <test-method is-config="true" signature="takeScreenShot()[pri:0, instance:com.java.bookTest.GiftCardPageTestCases@4ec4f3a0]" started-at="2024-04-04T15:20:59 IST" name="takeScreenShot" finished-at="2024-04-04T15:21:00 IST" duration-ms="303" status="PASS">
          <reporter-output>
          </reporter-output>
        </test-method> <!-- takeScreenShot -->
        <test-method is-config="true" signature="getResult(org.testng.ITestResult)[pri:0, instance:com.java.bookTest.GiftCardPageTestCases@4ec4f3a0]" started-at="2024-04-04T15:21:00 IST" name="getResult" finished-at="2024-04-04T15:21:00 IST" duration-ms="0" status="PASS">
          <params>
            <param index="0">
              <value>
                <![CDATA[[TestResult name=checkClickGiftCardTest status=SUCCESS method=GiftCardPageTestCases.checkClickGiftCardTest()[pri:2, instance:com.java.bookTest.GiftCardPageTestCases@4ec4f3a0] output={null}]]]>
              </value>
            </param>
          </params>
          <reporter-output>
          </reporter-output>
        </test-method> <!-- getResult -->
        <test-method signature="OccasionHandleTest()[pri:3, instance:com.java.bookTest.GiftCardPageTestCases@4ec4f3a0]" started-at="2024-04-04T15:21:00 IST" name="OccasionHandleTest" finished-at="2024-04-04T15:21:00 IST" duration-ms="352" status="PASS">
          <reporter-output>
          </reporter-output>
        </test-method> <!-- OccasionHandleTest -->
        <test-method is-config="true" signature="takeScreenShot()[pri:0, instance:com.java.bookTest.GiftCardPageTestCases@4ec4f3a0]" started-at="2024-04-04T15:21:00 IST" name="takeScreenShot" finished-at="2024-04-04T15:21:00 IST" duration-ms="199" status="PASS">
          <reporter-output>
          </reporter-output>
        </test-method> <!-- takeScreenShot -->
        <test-method is-config="true" signature="getResult(org.testng.ITestResult)[pri:0, instance:com.java.bookTest.GiftCardPageTestCases@4ec4f3a0]" started-at="2024-04-04T15:21:00 IST" name="getResult" finished-at="2024-04-04T15:21:00 IST" duration-ms="1" status="PASS">
          <params>
            <param index="0">
              <value>
                <![CDATA[[TestResult name=OccasionHandleTest status=SUCCESS method=GiftCardPageTestCases.OccasionHandleTest()[pri:3, instance:com.java.bookTest.GiftCardPageTestCases@4ec4f3a0] output={null}]]]>
              </value>
            </param>
          </params>
          <reporter-output>
          </reporter-output>
        </test-method> <!-- getResult -->
        <test-method signature="AmountHandlerTest()[pri:4, instance:com.java.bookTest.GiftCardPageTestCases@4ec4f3a0]" started-at="2024-04-04T15:21:00 IST" name="AmountHandlerTest" finished-at="2024-04-04T15:21:00 IST" duration-ms="142" status="PASS">
          <reporter-output>
          </reporter-output>
        </test-method> <!-- AmountHandlerTest -->
        <test-method is-config="true" signature="takeScreenShot()[pri:0, instance:com.java.bookTest.GiftCardPageTestCases@4ec4f3a0]" started-at="2024-04-04T15:21:00 IST" name="takeScreenShot" finished-at="2024-04-04T15:21:01 IST" duration-ms="360" status="PASS">
          <reporter-output>
          </reporter-output>
        </test-method> <!-- takeScreenShot -->
        <test-method is-config="true" signature="getResult(org.testng.ITestResult)[pri:0, instance:com.java.bookTest.GiftCardPageTestCases@4ec4f3a0]" started-at="2024-04-04T15:21:01 IST" name="getResult" finished-at="2024-04-04T15:21:01 IST" duration-ms="1" status="PASS">
          <params>
            <param index="0">
              <value>
                <![CDATA[[TestResult name=AmountHandlerTest status=SUCCESS method=GiftCardPageTestCases.AmountHandlerTest()[pri:4, instance:com.java.bookTest.GiftCardPageTestCases@4ec4f3a0] output={null}]]]>
              </value>
            </param>
          </params>
          <reporter-output>
          </reporter-output>
        </test-method> <!-- getResult -->
        <test-method signature="DropDownHandlerTest()[pri:5, instance:com.java.bookTest.GiftCardPageTestCases@4ec4f3a0]" started-at="2024-04-04T15:21:01 IST" name="DropDownHandlerTest" finished-at="2024-04-04T15:21:01 IST" duration-ms="506" status="PASS">
          <reporter-output>
          </reporter-output>
        </test-method> <!-- DropDownHandlerTest -->
        <test-method is-config="true" signature="takeScreenShot()[pri:0, instance:com.java.bookTest.GiftCardPageTestCases@4ec4f3a0]" started-at="2024-04-04T15:21:01 IST" name="takeScreenShot" finished-at="2024-04-04T15:21:01 IST" duration-ms="223" status="PASS">
          <reporter-output>
          </reporter-output>
        </test-method> <!-- takeScreenShot -->
        <test-method is-config="true" signature="getResult(org.testng.ITestResult)[pri:0, instance:com.java.bookTest.GiftCardPageTestCases@4ec4f3a0]" started-at="2024-04-04T15:21:01 IST" name="getResult" finished-at="2024-04-04T15:21:01 IST" duration-ms="1" status="PASS">
          <params>
            <param index="0">
              <value>
                <![CDATA[[TestResult name=DropDownHandlerTest status=SUCCESS method=GiftCardPageTestCases.DropDownHandlerTest()[pri:5, instance:com.java.bookTest.GiftCardPageTestCases@4ec4f3a0] output={null}]]]>
              </value>
            </param>
          </params>
          <reporter-output>
          </reporter-output>
        </test-method> <!-- getResult -->
        <test-method signature="ButtonHandleTest()[pri:6, instance:com.java.bookTest.GiftCardPageTestCases@4ec4f3a0]" started-at="2024-04-04T15:21:01 IST" name="ButtonHandleTest" finished-at="2024-04-04T15:21:01 IST" duration-ms="117" status="PASS">
          <reporter-output>
          </reporter-output>
        </test-method> <!-- ButtonHandleTest -->
        <test-method is-config="true" signature="takeScreenShot()[pri:0, instance:com.java.bookTest.GiftCardPageTestCases@4ec4f3a0]" started-at="2024-04-04T15:21:01 IST" name="takeScreenShot" finished-at="2024-04-04T15:21:02 IST" duration-ms="193" status="PASS">
          <reporter-output>
          </reporter-output>
        </test-method> <!-- takeScreenShot -->
        <test-method is-config="true" signature="getResult(org.testng.ITestResult)[pri:0, instance:com.java.bookTest.GiftCardPageTestCases@4ec4f3a0]" started-at="2024-04-04T15:21:02 IST" name="getResult" finished-at="2024-04-04T15:21:02 IST" duration-ms="1" status="PASS">
          <params>
            <param index="0">
              <value>
                <![CDATA[[TestResult name=ButtonHandleTest status=SUCCESS method=GiftCardPageTestCases.ButtonHandleTest()[pri:6, instance:com.java.bookTest.GiftCardPageTestCases@4ec4f3a0] output={null}]]]>
              </value>
            </param>
          </params>
          <reporter-output>
          </reporter-output>
        </test-method> <!-- getResult -->
        <test-method signature="enterFormDetailsTest(java.lang.String,java.lang.String,java.lang.String,java.lang.String,java.lang.String,java.lang.String,java.lang.String,java.lang.String)[pri:7, instance:com.java.bookTest.GiftCardPageTestCases@4ec4f3a0]" started-at="2024-04-04T15:21:02 IST" name="enterFormDetailsTest" data-provider="enterFormDetailsTest" finished-at="2024-04-04T15:21:05 IST" duration-ms="3650" status="PASS">
          <params>
            <param index="0">
              <value>
                <![CDATA[shreya]]>
              </value>
            </param>
            <param index="1">
              <value>
                <![CDATA[shreya1]]>
              </value>
            </param>
            <param index="2">
              <value>
                <![CDATA[9.876543211E9]]>
              </value>
            </param>
            <param index="3">
              <value>
                <![CDATA[chotu]]>
              </value>
            </param>
            <param index="4">
              <value>
                <![CDATA[chotu@gmail.com]]>
              </value>
            </param>
            <param index="5">
              <value>
                <![CDATA[9.876543212E9]]>
              </value>
            </param>
            <param index="6">
              <value>
                <![CDATA[park square]]>
              </value>
            </param>
            <param index="7">
              <value>
                <![CDATA[700009.0]]>
              </value>
            </param>
          </params>
          <reporter-output>
          </reporter-output>
        </test-method> <!-- enterFormDetailsTest -->
        <test-method is-config="true" signature="takeScreenShot()[pri:0, instance:com.java.bookTest.GiftCardPageTestCases@4ec4f3a0]" started-at="2024-04-04T15:21:05 IST" name="takeScreenShot" finished-at="2024-04-04T15:21:06 IST" duration-ms="352" status="PASS">
          <reporter-output>
          </reporter-output>
        </test-method> <!-- takeScreenShot -->
        <test-method is-config="true" signature="getResult(org.testng.ITestResult)[pri:0, instance:com.java.bookTest.GiftCardPageTestCases@4ec4f3a0]" started-at="2024-04-04T15:21:06 IST" name="getResult" finished-at="2024-04-04T15:21:06 IST" duration-ms="0" status="PASS">
          <params>
            <param index="0">
              <value>
                <![CDATA[[TestResult name=enterFormDetailsTest status=SUCCESS method=GiftCardPageTestCases.enterFormDetailsTest(java.lang.String,java.lang.String,java.lang.String,java.lang.String,java.lang.String,java.lang.String,java.lang.String,java.lang.String)[pri:7, instance:com.java.bookTest.GiftCardPageTestCases@4ec4f3a0] output={null}]]]>
              </value>
            </param>
          </params>
          <reporter-output>
          </reporter-output>
        </test-method> <!-- getResult -->
        <test-method is-config="true" signature="afterTest()[pri:0, instance:com.java.bookTest.GiftCardPageTestCases@4ec4f3a0]" started-at="2024-04-04T15:21:06 IST" name="afterTest" finished-at="2024-04-04T15:21:10 IST" duration-ms="4483" status="PASS">
          <reporter-output>
          </reporter-output>
        </test-method> <!-- afterTest -->
        <test-method is-config="true" signature="tearDown()[pri:0, instance:com.java.bookTest.GiftCardPageTestCases@4ec4f3a0]" started-at="2024-04-04T15:21:10 IST" name="tearDown" finished-at="2024-04-04T15:21:11 IST" duration-ms="322" status="PASS">
          <reporter-output>
          </reporter-output>
        </test-method> <!-- tearDown -->
      </class> <!-- com.java.bookTest.GiftCardPageTestCases -->
    </test> <!-- EdgeTest3 -->
  </suite> <!-- Suite -->
</testng-results>
