<?xml version="1.0" encoding="UTF-8"?>
<testng-results ignored="0" total="17" passed="17" failed="0" skipped="0">
  <reporter-output>
  </reporter-output>
  <suite started-at="2024-04-03T14:30:22 IST" name="Suite" finished-at="2024-04-03T14:34:32 IST" duration-ms="249976">
    <groups>
      <group name="smoketest">
        <method signature="HomePageTestCases.checkTitle()[pri:2, instance:com.java.bookTest.HomePageTestCases@6572421]" name="checkTitle" class="com.java.bookTest.HomePageTestCases"/>
        <method signature="HomePageTestCases.checkUrl()[pri:1, instance:com.java.bookTest.HomePageTestCases@6572421]" name="checkUrl" class="com.java.bookTest.HomePageTestCases"/>
      </group> <!-- smoketest -->
    </groups>
    <test started-at="2024-04-03T14:30:22 IST" name="Test1" finished-at="2024-04-03T14:32:22 IST" duration-ms="119973">
      <class name="com.java.bookTest.ProductPageTestCases">
        <test-method is-config="true" signature="beforeTest()[pri:0, instance:com.java.bookTest.ProductPageTestCases@5119fb47]" started-at="2024-04-03T14:30:22 IST" name="beforeTest" finished-at="2024-04-03T14:31:25 IST" duration-ms="63309" status="PASS">
          <reporter-output>
          </reporter-output>
        </test-method> <!-- beforeTest -->
        <test-method signature="checkUrl()[pri:1, instance:com.java.bookTest.ProductPageTestCases@5119fb47]" started-at="2024-04-03T14:31:25 IST" name="checkUrl" finished-at="2024-04-03T14:31:25 IST" duration-ms="45" status="PASS">
          <reporter-output>
          </reporter-output>
        </test-method> <!-- checkUrl -->
        <test-method is-config="true" signature="takeScreenShot()[pri:0, instance:com.java.bookTest.ProductPageTestCases@5119fb47]" started-at="2024-04-03T14:31:25 IST" name="takeScreenShot" finished-at="2024-04-03T14:31:26 IST" duration-ms="368" status="PASS">
          <reporter-output>
          </reporter-output>
        </test-method> <!-- takeScreenShot -->
        <test-method is-config="true" signature="getResult(org.testng.ITestResult)[pri:0, instance:com.java.bookTest.ProductPageTestCases@5119fb47]" started-at="2024-04-03T14:31:26 IST" name="getResult" finished-at="2024-04-03T14:31:26 IST" duration-ms="4" status="PASS">
          <params>
            <param index="0">
              <value>
                <![CDATA[[TestResult name=checkUrl status=SUCCESS method=ProductPageTestCases.checkUrl()[pri:1, instance:com.java.bookTest.ProductPageTestCases@5119fb47] output={null}]]]>
              </value>
            </param>
          </params>
          <reporter-output>
          </reporter-output>
        </test-method> <!-- getResult -->
        <test-method signature="clickBookShelfTest()[pri:2, instance:com.java.bookTest.ProductPageTestCases@5119fb47]" started-at="2024-04-03T14:31:26 IST" name="clickBookShelfTest" finished-at="2024-04-03T14:31:50 IST" duration-ms="24482" status="PASS">
          <reporter-output>
          </reporter-output>
        </test-method> <!-- clickBookShelfTest -->
        <test-method is-config="true" signature="takeScreenShot()[pri:0, instance:com.java.bookTest.ProductPageTestCases@5119fb47]" started-at="2024-04-03T14:31:50 IST" name="takeScreenShot" finished-at="2024-04-03T14:31:51 IST" duration-ms="758" status="PASS">
          <reporter-output>
          </reporter-output>
        </test-method> <!-- takeScreenShot -->
        <test-method is-config="true" signature="getResult(org.testng.ITestResult)[pri:0, instance:com.java.bookTest.ProductPageTestCases@5119fb47]" started-at="2024-04-03T14:31:51 IST" name="getResult" finished-at="2024-04-03T14:31:51 IST" duration-ms="1" status="PASS">
          <params>
            <param index="0">
              <value>
                <![CDATA[[TestResult name=clickBookShelfTest status=SUCCESS method=ProductPageTestCases.clickBookShelfTest()[pri:2, instance:com.java.bookTest.ProductPageTestCases@5119fb47] output={null}]]]>
              </value>
            </param>
          </params>
          <reporter-output>
          </reporter-output>
        </test-method> <!-- getResult -->
        <test-method signature="popupTest()[pri:3, instance:com.java.bookTest.ProductPageTestCases@5119fb47]" started-at="2024-04-03T14:31:51 IST" name="popupTest" finished-at="2024-04-03T14:31:56 IST" duration-ms="5194" status="PASS">
          <reporter-output>
          </reporter-output>
        </test-method> <!-- popupTest -->
        <test-method is-config="true" signature="takeScreenShot()[pri:0, instance:com.java.bookTest.ProductPageTestCases@5119fb47]" started-at="2024-04-03T14:31:56 IST" name="takeScreenShot" finished-at="2024-04-03T14:31:57 IST" duration-ms="475" status="PASS">
          <reporter-output>
          </reporter-output>
        </test-method> <!-- takeScreenShot -->
        <test-method is-config="true" signature="getResult(org.testng.ITestResult)[pri:0, instance:com.java.bookTest.ProductPageTestCases@5119fb47]" started-at="2024-04-03T14:31:57 IST" name="getResult" finished-at="2024-04-03T14:31:57 IST" duration-ms="1" status="PASS">
          <params>
            <param index="0">
              <value>
                <![CDATA[[TestResult name=popupTest status=SUCCESS method=ProductPageTestCases.popupTest()[pri:3, instance:com.java.bookTest.ProductPageTestCases@5119fb47] output={null}]]]>
              </value>
            </param>
          </params>
          <reporter-output>
          </reporter-output>
        </test-method> <!-- getResult -->
        <test-method signature="PriceSliderTest()[pri:4, instance:com.java.bookTest.ProductPageTestCases@5119fb47]" started-at="2024-04-03T14:31:57 IST" name="PriceSliderTest" finished-at="2024-04-03T14:32:13 IST" duration-ms="16437" status="PASS">
          <reporter-output>
          </reporter-output>
        </test-method> <!-- PriceSliderTest -->
        <test-method is-config="true" signature="takeScreenShot()[pri:0, instance:com.java.bookTest.ProductPageTestCases@5119fb47]" started-at="2024-04-03T14:32:13 IST" name="takeScreenShot" finished-at="2024-04-03T14:32:13 IST" duration-ms="238" status="PASS">
          <reporter-output>
          </reporter-output>
        </test-method> <!-- takeScreenShot -->
        <test-method is-config="true" signature="getResult(org.testng.ITestResult)[pri:0, instance:com.java.bookTest.ProductPageTestCases@5119fb47]" started-at="2024-04-03T14:32:13 IST" name="getResult" finished-at="2024-04-03T14:32:13 IST" duration-ms="1" status="PASS">
          <params>
            <param index="0">
              <value>
                <![CDATA[[TestResult name=PriceSliderTest status=SUCCESS method=ProductPageTestCases.PriceSliderTest()[pri:4, instance:com.java.bookTest.ProductPageTestCases@5119fb47] output={null}]]]>
              </value>
            </param>
          </params>
          <reporter-output>
          </reporter-output>
        </test-method> <!-- getResult -->
        <test-method signature="StorageTypeTest()[pri:5, instance:com.java.bookTest.ProductPageTestCases@5119fb47]" started-at="2024-04-03T14:32:13 IST" name="StorageTypeTest" finished-at="2024-04-03T14:32:14 IST" duration-ms="342" status="PASS">
          <reporter-output>
          </reporter-output>
        </test-method> <!-- StorageTypeTest -->
        <test-method is-config="true" signature="takeScreenShot()[pri:0, instance:com.java.bookTest.ProductPageTestCases@5119fb47]" started-at="2024-04-03T14:32:14 IST" name="takeScreenShot" finished-at="2024-04-03T14:32:14 IST" duration-ms="201" status="PASS">
          <reporter-output>
          </reporter-output>
        </test-method> <!-- takeScreenShot -->
        <test-method is-config="true" signature="getResult(org.testng.ITestResult)[pri:0, instance:com.java.bookTest.ProductPageTestCases@5119fb47]" started-at="2024-04-03T14:32:14 IST" name="getResult" finished-at="2024-04-03T14:32:14 IST" duration-ms="0" status="PASS">
          <params>
            <param index="0">
              <value>
                <![CDATA[[TestResult name=StorageTypeTest status=SUCCESS method=ProductPageTestCases.StorageTypeTest()[pri:5, instance:com.java.bookTest.ProductPageTestCases@5119fb47] output={null}]]]>
              </value>
            </param>
          </params>
          <reporter-output>
          </reporter-output>
        </test-method> <!-- getResult -->
        <test-method signature="ExcludeOutOfStockTest()[pri:6, instance:com.java.bookTest.ProductPageTestCases@5119fb47]" started-at="2024-04-03T14:32:14 IST" name="ExcludeOutOfStockTest" finished-at="2024-04-03T14:32:14 IST" duration-ms="177" status="PASS">
          <reporter-output>
          </reporter-output>
        </test-method> <!-- ExcludeOutOfStockTest -->
        <test-method is-config="true" signature="takeScreenShot()[pri:0, instance:com.java.bookTest.ProductPageTestCases@5119fb47]" started-at="2024-04-03T14:32:14 IST" name="takeScreenShot" finished-at="2024-04-03T14:32:14 IST" duration-ms="251" status="PASS">
          <reporter-output>
          </reporter-output>
        </test-method> <!-- takeScreenShot -->
        <test-method is-config="true" signature="getResult(org.testng.ITestResult)[pri:0, instance:com.java.bookTest.ProductPageTestCases@5119fb47]" started-at="2024-04-03T14:32:14 IST" name="getResult" finished-at="2024-04-03T14:32:14 IST" duration-ms="1" status="PASS">
          <params>
            <param index="0">
              <value>
                <![CDATA[[TestResult name=ExcludeOutOfStockTest status=SUCCESS method=ProductPageTestCases.ExcludeOutOfStockTest()[pri:6, instance:com.java.bookTest.ProductPageTestCases@5119fb47] output={null}]]]>
              </value>
            </param>
          </params>
          <reporter-output>
          </reporter-output>
        </test-method> <!-- getResult -->
        <test-method signature="listOfProductsTest()[pri:7, instance:com.java.bookTest.ProductPageTestCases@5119fb47]" started-at="2024-04-03T14:32:14 IST" name="listOfProductsTest" finished-at="2024-04-03T14:32:19 IST" duration-ms="4337" status="PASS">
          <reporter-output>
          </reporter-output>
        </test-method> <!-- listOfProductsTest -->
        <test-method is-config="true" signature="takeScreenShot()[pri:0, instance:com.java.bookTest.ProductPageTestCases@5119fb47]" started-at="2024-04-03T14:32:19 IST" name="takeScreenShot" finished-at="2024-04-03T14:32:19 IST" duration-ms="211" status="PASS">
          <reporter-output>
          </reporter-output>
        </test-method> <!-- takeScreenShot -->
        <test-method is-config="true" signature="getResult(org.testng.ITestResult)[pri:0, instance:com.java.bookTest.ProductPageTestCases@5119fb47]" started-at="2024-04-03T14:32:19 IST" name="getResult" finished-at="2024-04-03T14:32:19 IST" duration-ms="0" status="PASS">
          <params>
            <param index="0">
              <value>
                <![CDATA[[TestResult name=listOfProductsTest status=SUCCESS method=ProductPageTestCases.listOfProductsTest()[pri:7, instance:com.java.bookTest.ProductPageTestCases@5119fb47] output={null}]]]>
              </value>
            </param>
          </params>
          <reporter-output>
          </reporter-output>
        </test-method> <!-- getResult -->
        <test-method is-config="true" signature="afterTest()[pri:0, instance:com.java.bookTest.ProductPageTestCases@5119fb47]" started-at="2024-04-03T14:32:19 IST" name="afterTest" finished-at="2024-04-03T14:32:22 IST" duration-ms="3053" status="PASS">
          <reporter-output>
          </reporter-output>
        </test-method> <!-- afterTest -->
      </class> <!-- com.java.bookTest.ProductPageTestCases -->
    </test> <!-- Test1 -->
    <test started-at="2024-04-03T14:32:22 IST" name="Test2" finished-at="2024-04-03T14:33:10 IST" duration-ms="48320">
      <class name="com.java.bookTest.HomePageTestCases">
        <test-method is-config="true" signature="beforeTest()[pri:0, instance:com.java.bookTest.HomePageTestCases@6572421]" started-at="2024-04-03T14:32:22 IST" name="beforeTest" finished-at="2024-04-03T14:33:00 IST" duration-ms="38399" status="PASS">
          <reporter-output>
          </reporter-output>
        </test-method> <!-- beforeTest -->
        <test-method signature="checkUrl()[pri:1, instance:com.java.bookTest.HomePageTestCases@6572421]" started-at="2024-04-03T14:33:00 IST" name="checkUrl" finished-at="2024-04-03T14:33:00 IST" duration-ms="13" status="PASS">
          <reporter-output>
          </reporter-output>
        </test-method> <!-- checkUrl -->
        <test-method is-config="true" signature="takeScreenShot()[pri:0, instance:com.java.bookTest.HomePageTestCases@6572421]" started-at="2024-04-03T14:33:00 IST" name="takeScreenShot" finished-at="2024-04-03T14:33:01 IST" duration-ms="242" status="PASS">
          <reporter-output>
          </reporter-output>
        </test-method> <!-- takeScreenShot -->
        <test-method is-config="true" signature="getResult(org.testng.ITestResult)[pri:0, instance:com.java.bookTest.HomePageTestCases@6572421]" started-at="2024-04-03T14:33:01 IST" name="getResult" finished-at="2024-04-03T14:33:01 IST" duration-ms="0" status="PASS">
          <params>
            <param index="0">
              <value>
                <![CDATA[[TestResult name=checkUrl status=SUCCESS method=HomePageTestCases.checkUrl()[pri:1, instance:com.java.bookTest.HomePageTestCases@6572421] output={null}]]]>
              </value>
            </param>
          </params>
          <reporter-output>
          </reporter-output>
        </test-method> <!-- getResult -->
        <test-method signature="checkTitle()[pri:2, instance:com.java.bookTest.HomePageTestCases@6572421]" started-at="2024-04-03T14:33:01 IST" name="checkTitle" finished-at="2024-04-03T14:33:01 IST" duration-ms="11" status="PASS">
          <reporter-output>
          </reporter-output>
        </test-method> <!-- checkTitle -->
        <test-method is-config="true" signature="takeScreenShot()[pri:0, instance:com.java.bookTest.HomePageTestCases@6572421]" started-at="2024-04-03T14:33:01 IST" name="takeScreenShot" finished-at="2024-04-03T14:33:01 IST" duration-ms="241" status="PASS">
          <reporter-output>
          </reporter-output>
        </test-method> <!-- takeScreenShot -->
        <test-method is-config="true" signature="getResult(org.testng.ITestResult)[pri:0, instance:com.java.bookTest.HomePageTestCases@6572421]" started-at="2024-04-03T14:33:01 IST" name="getResult" finished-at="2024-04-03T14:33:01 IST" duration-ms="1" status="PASS">
          <params>
            <param index="0">
              <value>
                <![CDATA[[TestResult name=checkTitle status=SUCCESS method=HomePageTestCases.checkTitle()[pri:2, instance:com.java.bookTest.HomePageTestCases@6572421] output={null}]]]>
              </value>
            </param>
          </params>
          <reporter-output>
          </reporter-output>
        </test-method> <!-- getResult -->
        <test-method signature="ExtractDeal()[pri:3, instance:com.java.bookTest.HomePageTestCases@6572421]" started-at="2024-04-03T14:33:01 IST" name="ExtractDeal" finished-at="2024-04-03T14:33:07 IST" duration-ms="6385" status="PASS">
          <reporter-output>
          </reporter-output>
        </test-method> <!-- ExtractDeal -->
        <test-method is-config="true" signature="takeScreenShot()[pri:0, instance:com.java.bookTest.HomePageTestCases@6572421]" started-at="2024-04-03T14:33:07 IST" name="takeScreenShot" finished-at="2024-04-03T14:33:08 IST" duration-ms="279" status="PASS">
          <reporter-output>
          </reporter-output>
        </test-method> <!-- takeScreenShot -->
        <test-method is-config="true" signature="getResult(org.testng.ITestResult)[pri:0, instance:com.java.bookTest.HomePageTestCases@6572421]" started-at="2024-04-03T14:33:08 IST" name="getResult" finished-at="2024-04-03T14:33:08 IST" duration-ms="1" status="PASS">
          <params>
            <param index="0">
              <value>
                <![CDATA[[TestResult name=ExtractDeal status=SUCCESS method=HomePageTestCases.ExtractDeal()[pri:3, instance:com.java.bookTest.HomePageTestCases@6572421] output={null}]]]>
              </value>
            </param>
          </params>
          <reporter-output>
          </reporter-output>
        </test-method> <!-- getResult -->
        <test-method is-config="true" signature="afterTest()[pri:0, instance:com.java.bookTest.HomePageTestCases@6572421]" started-at="2024-04-03T14:33:08 IST" name="afterTest" finished-at="2024-04-03T14:33:10 IST" duration-ms="2740" status="PASS">
          <reporter-output>
          </reporter-output>
        </test-method> <!-- afterTest -->
      </class> <!-- com.java.bookTest.HomePageTestCases -->
    </test> <!-- Test2 -->
    <test started-at="2024-04-03T14:33:10 IST" name="Test3" finished-at="2024-04-03T14:34:32 IST" duration-ms="81621">
      <class name="com.java.bookTest.GiftCardPageTestCases">
        <test-method is-config="true" signature="startReport()[pri:0, instance:com.java.bookTest.GiftCardPageTestCases@16d04d3d]" started-at="2024-04-03T14:30:22 IST" name="startReport" finished-at="2024-04-03T14:30:22 IST" duration-ms="361" status="PASS">
          <reporter-output>
          </reporter-output>
        </test-method> <!-- startReport -->
        <test-method is-config="true" signature="beforeTest()[pri:0, instance:com.java.bookTest.GiftCardPageTestCases@16d04d3d]" started-at="2024-04-03T14:33:10 IST" name="beforeTest" finished-at="2024-04-03T14:33:47 IST" duration-ms="37212" status="PASS">
          <reporter-output>
          </reporter-output>
        </test-method> <!-- beforeTest -->
        <test-method signature="checkUrlTest()[pri:1, instance:com.java.bookTest.GiftCardPageTestCases@16d04d3d]" started-at="2024-04-03T14:33:48 IST" name="checkUrlTest" finished-at="2024-04-03T14:33:48 IST" duration-ms="24" status="PASS">
          <reporter-output>
          </reporter-output>
        </test-method> <!-- checkUrlTest -->
        <test-method is-config="true" signature="takeScreenShot()[pri:0, instance:com.java.bookTest.GiftCardPageTestCases@16d04d3d]" started-at="2024-04-03T14:33:48 IST" name="takeScreenShot" finished-at="2024-04-03T14:33:48 IST" duration-ms="430" status="PASS">
          <reporter-output>
          </reporter-output>
        </test-method> <!-- takeScreenShot -->
        <test-method is-config="true" signature="getResult(org.testng.ITestResult)[pri:0, instance:com.java.bookTest.GiftCardPageTestCases@16d04d3d]" started-at="2024-04-03T14:33:48 IST" name="getResult" finished-at="2024-04-03T14:33:48 IST" duration-ms="0" status="PASS">
          <params>
            <param index="0">
              <value>
                <![CDATA[[TestResult name=checkUrlTest status=SUCCESS method=GiftCardPageTestCases.checkUrlTest()[pri:1, instance:com.java.bookTest.GiftCardPageTestCases@16d04d3d] output={null}]]]>
              </value>
            </param>
          </params>
          <reporter-output>
          </reporter-output>
        </test-method> <!-- getResult -->
        <test-method signature="checkClickGiftCardTest()[pri:2, instance:com.java.bookTest.GiftCardPageTestCases@16d04d3d]" started-at="2024-04-03T14:33:48 IST" name="checkClickGiftCardTest" finished-at="2024-04-03T14:34:20 IST" duration-ms="32156" status="PASS">
          <reporter-output>
          </reporter-output>
        </test-method> <!-- checkClickGiftCardTest -->
        <test-method is-config="true" signature="takeScreenShot()[pri:0, instance:com.java.bookTest.GiftCardPageTestCases@16d04d3d]" started-at="2024-04-03T14:34:20 IST" name="takeScreenShot" finished-at="2024-04-03T14:34:21 IST" duration-ms="464" status="PASS">
          <reporter-output>
          </reporter-output>
        </test-method> <!-- takeScreenShot -->
        <test-method is-config="true" signature="getResult(org.testng.ITestResult)[pri:0, instance:com.java.bookTest.GiftCardPageTestCases@16d04d3d]" started-at="2024-04-03T14:34:21 IST" name="getResult" finished-at="2024-04-03T14:34:21 IST" duration-ms="1" status="PASS">
          <params>
            <param index="0">
              <value>
                <![CDATA[[TestResult name=checkClickGiftCardTest status=SUCCESS method=GiftCardPageTestCases.checkClickGiftCardTest()[pri:2, instance:com.java.bookTest.GiftCardPageTestCases@16d04d3d] output={null}]]]>
              </value>
            </param>
          </params>
          <reporter-output>
          </reporter-output>
        </test-method> <!-- getResult -->
        <test-method signature="OccasionHandleTest()[pri:3, instance:com.java.bookTest.GiftCardPageTestCases@16d04d3d]" started-at="2024-04-03T14:34:21 IST" name="OccasionHandleTest" finished-at="2024-04-03T14:34:21 IST" duration-ms="538" status="PASS">
          <reporter-output>
          </reporter-output>
        </test-method> <!-- OccasionHandleTest -->
        <test-method is-config="true" signature="takeScreenShot()[pri:0, instance:com.java.bookTest.GiftCardPageTestCases@16d04d3d]" started-at="2024-04-03T14:34:21 IST" name="takeScreenShot" finished-at="2024-04-03T14:34:21 IST" duration-ms="193" status="PASS">
          <reporter-output>
          </reporter-output>
        </test-method> <!-- takeScreenShot -->
        <test-method is-config="true" signature="getResult(org.testng.ITestResult)[pri:0, instance:com.java.bookTest.GiftCardPageTestCases@16d04d3d]" started-at="2024-04-03T14:34:21 IST" name="getResult" finished-at="2024-04-03T14:34:21 IST" duration-ms="1" status="PASS">
          <params>
            <param index="0">
              <value>
                <![CDATA[[TestResult name=OccasionHandleTest status=SUCCESS method=GiftCardPageTestCases.OccasionHandleTest()[pri:3, instance:com.java.bookTest.GiftCardPageTestCases@16d04d3d] output={null}]]]>
              </value>
            </param>
          </params>
          <reporter-output>
          </reporter-output>
        </test-method> <!-- getResult -->
        <test-method signature="AmountHandlerTest()[pri:4, instance:com.java.bookTest.GiftCardPageTestCases@16d04d3d]" started-at="2024-04-03T14:34:21 IST" name="AmountHandlerTest" finished-at="2024-04-03T14:34:21 IST" duration-ms="149" status="PASS">
          <reporter-output>
          </reporter-output>
        </test-method> <!-- AmountHandlerTest -->
        <test-method is-config="true" signature="takeScreenShot()[pri:0, instance:com.java.bookTest.GiftCardPageTestCases@16d04d3d]" started-at="2024-04-03T14:34:21 IST" name="takeScreenShot" finished-at="2024-04-03T14:34:22 IST" duration-ms="204" status="PASS">
          <reporter-output>
          </reporter-output>
        </test-method> <!-- takeScreenShot -->
        <test-method is-config="true" signature="getResult(org.testng.ITestResult)[pri:0, instance:com.java.bookTest.GiftCardPageTestCases@16d04d3d]" started-at="2024-04-03T14:34:22 IST" name="getResult" finished-at="2024-04-03T14:34:22 IST" duration-ms="0" status="PASS">
          <params>
            <param index="0">
              <value>
                <![CDATA[[TestResult name=AmountHandlerTest status=SUCCESS method=GiftCardPageTestCases.AmountHandlerTest()[pri:4, instance:com.java.bookTest.GiftCardPageTestCases@16d04d3d] output={null}]]]>
              </value>
            </param>
          </params>
          <reporter-output>
          </reporter-output>
        </test-method> <!-- getResult -->
        <test-method signature="DropDownHandlerTest()[pri:5, instance:com.java.bookTest.GiftCardPageTestCases@16d04d3d]" started-at="2024-04-03T14:34:22 IST" name="DropDownHandlerTest" finished-at="2024-04-03T14:34:22 IST" duration-ms="689" status="PASS">
          <reporter-output>
          </reporter-output>
        </test-method> <!-- DropDownHandlerTest -->
        <test-method is-config="true" signature="takeScreenShot()[pri:0, instance:com.java.bookTest.GiftCardPageTestCases@16d04d3d]" started-at="2024-04-03T14:34:22 IST" name="takeScreenShot" finished-at="2024-04-03T14:34:23 IST" duration-ms="196" status="PASS">
          <reporter-output>
          </reporter-output>
        </test-method> <!-- takeScreenShot -->
        <test-method is-config="true" signature="getResult(org.testng.ITestResult)[pri:0, instance:com.java.bookTest.GiftCardPageTestCases@16d04d3d]" started-at="2024-04-03T14:34:23 IST" name="getResult" finished-at="2024-04-03T14:34:23 IST" duration-ms="0" status="PASS">
          <params>
            <param index="0">
              <value>
                <![CDATA[[TestResult name=DropDownHandlerTest status=SUCCESS method=GiftCardPageTestCases.DropDownHandlerTest()[pri:5, instance:com.java.bookTest.GiftCardPageTestCases@16d04d3d] output={null}]]]>
              </value>
            </param>
          </params>
          <reporter-output>
          </reporter-output>
        </test-method> <!-- getResult -->
        <test-method signature="ButtonHandleTest()[pri:6, instance:com.java.bookTest.GiftCardPageTestCases@16d04d3d]" started-at="2024-04-03T14:34:23 IST" name="ButtonHandleTest" finished-at="2024-04-03T14:34:23 IST" duration-ms="125" status="PASS">
          <reporter-output>
          </reporter-output>
        </test-method> <!-- ButtonHandleTest -->
        <test-method is-config="true" signature="takeScreenShot()[pri:0, instance:com.java.bookTest.GiftCardPageTestCases@16d04d3d]" started-at="2024-04-03T14:34:23 IST" name="takeScreenShot" finished-at="2024-04-03T14:34:23 IST" duration-ms="229" status="PASS">
          <reporter-output>
          </reporter-output>
        </test-method> <!-- takeScreenShot -->
        <test-method is-config="true" signature="getResult(org.testng.ITestResult)[pri:0, instance:com.java.bookTest.GiftCardPageTestCases@16d04d3d]" started-at="2024-04-03T14:34:23 IST" name="getResult" finished-at="2024-04-03T14:34:23 IST" duration-ms="1" status="PASS">
          <params>
            <param index="0">
              <value>
                <![CDATA[[TestResult name=ButtonHandleTest status=SUCCESS method=GiftCardPageTestCases.ButtonHandleTest()[pri:6, instance:com.java.bookTest.GiftCardPageTestCases@16d04d3d] output={null}]]]>
              </value>
            </param>
          </params>
          <reporter-output>
          </reporter-output>
        </test-method> <!-- getResult -->
        <test-method signature="enterFormDetailsTest(java.lang.String,java.lang.String,java.lang.String,java.lang.String,java.lang.String,java.lang.String,java.lang.String,java.lang.String)[pri:7, instance:com.java.bookTest.GiftCardPageTestCases@16d04d3d]" started-at="2024-04-03T14:34:25 IST" name="enterFormDetailsTest" data-provider="enterFormDetailsTest" finished-at="2024-04-03T14:34:29 IST" duration-ms="4012" status="PASS">
          <params>
            <param index="0">
              <value>
                <![CDATA[shreya]]>
              </value>
            </param>
            <param index="1">
              <value>
                <![CDATA[shreya1]]>
              </value>
            </param>
            <param index="2">
              <value>
                <![CDATA[9.876543211E9]]>
              </value>
            </param>
            <param index="3">
              <value>
                <![CDATA[chotu]]>
              </value>
            </param>
            <param index="4">
              <value>
                <![CDATA[chotu@gmail.com]]>
              </value>
            </param>
            <param index="5">
              <value>
                <![CDATA[9.876543212E9]]>
              </value>
            </param>
            <param index="6">
              <value>
                <![CDATA[park square]]>
              </value>
            </param>
            <param index="7">
              <value>
                <![CDATA[700009.0]]>
              </value>
            </param>
          </params>
          <reporter-output>
          </reporter-output>
        </test-method> <!-- enterFormDetailsTest -->
        <test-method is-config="true" signature="takeScreenShot()[pri:0, instance:com.java.bookTest.GiftCardPageTestCases@16d04d3d]" started-at="2024-04-03T14:34:29 IST" name="takeScreenShot" finished-at="2024-04-03T14:34:29 IST" duration-ms="216" status="PASS">
          <reporter-output>
          </reporter-output>
        </test-method> <!-- takeScreenShot -->
        <test-method is-config="true" signature="getResult(org.testng.ITestResult)[pri:0, instance:com.java.bookTest.GiftCardPageTestCases@16d04d3d]" started-at="2024-04-03T14:34:29 IST" name="getResult" finished-at="2024-04-03T14:34:29 IST" duration-ms="1" status="PASS">
          <params>
            <param index="0">
              <value>
                <![CDATA[[TestResult name=enterFormDetailsTest status=SUCCESS method=GiftCardPageTestCases.enterFormDetailsTest(java.lang.String,java.lang.String,java.lang.String,java.lang.String,java.lang.String,java.lang.String,java.lang.String,java.lang.String)[pri:7, instance:com.java.bookTest.GiftCardPageTestCases@16d04d3d] output={null}]]]>
              </value>
            </param>
          </params>
          <reporter-output>
          </reporter-output>
        </test-method> <!-- getResult -->
        <test-method is-config="true" signature="afterTest()[pri:0, instance:com.java.bookTest.GiftCardPageTestCases@16d04d3d]" started-at="2024-04-03T14:34:29 IST" name="afterTest" finished-at="2024-04-03T14:34:32 IST" duration-ms="3154" status="PASS">
          <reporter-output>
          </reporter-output>
        </test-method> <!-- afterTest -->
        <test-method is-config="true" signature="tearDown()[pri:0, instance:com.java.bookTest.GiftCardPageTestCases@16d04d3d]" started-at="2024-04-03T14:34:32 IST" name="tearDown" finished-at="2024-04-03T14:34:32 IST" duration-ms="407" status="PASS">
          <reporter-output>
          </reporter-output>
        </test-method> <!-- tearDown -->
      </class> <!-- com.java.bookTest.GiftCardPageTestCases -->
    </test> <!-- Test3 -->
  </suite> <!-- Suite -->
</testng-results>
