<?xml version="1.0" encoding="UTF-8"?>
<testng-results ignored="0" total="16" passed="16" failed="0" skipped="0">
  <reporter-output>
  </reporter-output>
  <suite started-at="2024-03-29T17:25:33 IST" name="Suite" finished-at="2024-03-29T17:26:39 IST" duration-ms="65565">
    <groups>
    </groups>
    <test started-at="2024-03-29T17:25:33 IST" name="Test1" finished-at="2024-03-29T17:26:04 IST" duration-ms="30946">
      <class name="com.java.bookTest.ProductPageTestCases">
        <test-method is-config="true" signature="beforeTest()[pri:0, instance:com.java.bookTest.ProductPageTestCases@28eaa59a]" started-at="2024-03-29T17:25:33 IST" name="beforeTest" finished-at="2024-03-29T17:25:43 IST" duration-ms="9348" status="PASS">
          <reporter-output>
          </reporter-output>
        </test-method> <!-- beforeTest -->
        <test-method signature="checkUrl()[pri:1, instance:com.java.bookTest.ProductPageTestCases@28eaa59a]" started-at="2024-03-29T17:25:43 IST" name="checkUrl" finished-at="2024-03-29T17:25:43 IST" duration-ms="24" status="PASS">
          <reporter-output>
          </reporter-output>
        </test-method> <!-- checkUrl -->
        <test-method is-config="true" signature="getResult(org.testng.ITestResult)[pri:0, instance:com.java.bookTest.ProductPageTestCases@28eaa59a]" started-at="2024-03-29T17:25:43 IST" name="getResult" finished-at="2024-03-29T17:25:43 IST" duration-ms="5" status="PASS">
          <params>
            <param index="0">
              <value>
                <![CDATA[[TestResult name=checkUrl status=SUCCESS method=ProductPageTestCases.checkUrl()[pri:1, instance:com.java.bookTest.ProductPageTestCases@28eaa59a] output={null}]]]>
              </value>
            </param>
          </params>
          <reporter-output>
          </reporter-output>
        </test-method> <!-- getResult -->
        <test-method signature="clickBookShelfTest()[pri:2, instance:com.java.bookTest.ProductPageTestCases@28eaa59a]" started-at="2024-03-29T17:25:43 IST" name="clickBookShelfTest" finished-at="2024-03-29T17:25:45 IST" duration-ms="2089" status="PASS">
          <reporter-output>
          </reporter-output>
        </test-method> <!-- clickBookShelfTest -->
        <test-method is-config="true" signature="getResult(org.testng.ITestResult)[pri:0, instance:com.java.bookTest.ProductPageTestCases@28eaa59a]" started-at="2024-03-29T17:25:45 IST" name="getResult" finished-at="2024-03-29T17:25:45 IST" duration-ms="0" status="PASS">
          <params>
            <param index="0">
              <value>
                <![CDATA[[TestResult name=clickBookShelfTest status=SUCCESS method=ProductPageTestCases.clickBookShelfTest()[pri:2, instance:com.java.bookTest.ProductPageTestCases@28eaa59a] output={null}]]]>
              </value>
            </param>
          </params>
          <reporter-output>
          </reporter-output>
        </test-method> <!-- getResult -->
        <test-method signature="popupTest()[pri:3, instance:com.java.bookTest.ProductPageTestCases@28eaa59a]" started-at="2024-03-29T17:25:45 IST" name="popupTest" finished-at="2024-03-29T17:25:48 IST" duration-ms="3121" status="PASS">
          <reporter-output>
          </reporter-output>
        </test-method> <!-- popupTest -->
        <test-method is-config="true" signature="getResult(org.testng.ITestResult)[pri:0, instance:com.java.bookTest.ProductPageTestCases@28eaa59a]" started-at="2024-03-29T17:25:48 IST" name="getResult" finished-at="2024-03-29T17:25:48 IST" duration-ms="1" status="PASS">
          <params>
            <param index="0">
              <value>
                <![CDATA[[TestResult name=popupTest status=SUCCESS method=ProductPageTestCases.popupTest()[pri:3, instance:com.java.bookTest.ProductPageTestCases@28eaa59a] output={null}]]]>
              </value>
            </param>
          </params>
          <reporter-output>
          </reporter-output>
        </test-method> <!-- getResult -->
        <test-method signature="PriceSliderTest()[pri:4, instance:com.java.bookTest.ProductPageTestCases@28eaa59a]" started-at="2024-03-29T17:25:48 IST" name="PriceSliderTest" finished-at="2024-03-29T17:25:59 IST" duration-ms="10730" status="PASS">
          <reporter-output>
          </reporter-output>
        </test-method> <!-- PriceSliderTest -->
        <test-method is-config="true" signature="getResult(org.testng.ITestResult)[pri:0, instance:com.java.bookTest.ProductPageTestCases@28eaa59a]" started-at="2024-03-29T17:25:59 IST" name="getResult" finished-at="2024-03-29T17:25:59 IST" duration-ms="1" status="PASS">
          <params>
            <param index="0">
              <value>
                <![CDATA[[TestResult name=PriceSliderTest status=SUCCESS method=ProductPageTestCases.PriceSliderTest()[pri:4, instance:com.java.bookTest.ProductPageTestCases@28eaa59a] output={null}]]]>
              </value>
            </param>
          </params>
          <reporter-output>
          </reporter-output>
        </test-method> <!-- getResult -->
        <test-method signature="StorageTypeTest()[pri:5, instance:com.java.bookTest.ProductPageTestCases@28eaa59a]" started-at="2024-03-29T17:25:59 IST" name="StorageTypeTest" finished-at="2024-03-29T17:25:59 IST" duration-ms="310" status="PASS">
          <reporter-output>
          </reporter-output>
        </test-method> <!-- StorageTypeTest -->
        <test-method is-config="true" signature="getResult(org.testng.ITestResult)[pri:0, instance:com.java.bookTest.ProductPageTestCases@28eaa59a]" started-at="2024-03-29T17:25:59 IST" name="getResult" finished-at="2024-03-29T17:25:59 IST" duration-ms="1" status="PASS">
          <params>
            <param index="0">
              <value>
                <![CDATA[[TestResult name=StorageTypeTest status=SUCCESS method=ProductPageTestCases.StorageTypeTest()[pri:5, instance:com.java.bookTest.ProductPageTestCases@28eaa59a] output={null}]]]>
              </value>
            </param>
          </params>
          <reporter-output>
          </reporter-output>
        </test-method> <!-- getResult -->
        <test-method signature="ExcludeOutOfStockTest()[pri:6, instance:com.java.bookTest.ProductPageTestCases@28eaa59a]" started-at="2024-03-29T17:25:59 IST" name="ExcludeOutOfStockTest" finished-at="2024-03-29T17:25:59 IST" duration-ms="148" status="PASS">
          <reporter-output>
          </reporter-output>
        </test-method> <!-- ExcludeOutOfStockTest -->
        <test-method is-config="true" signature="getResult(org.testng.ITestResult)[pri:0, instance:com.java.bookTest.ProductPageTestCases@28eaa59a]" started-at="2024-03-29T17:25:59 IST" name="getResult" finished-at="2024-03-29T17:25:59 IST" duration-ms="0" status="PASS">
          <params>
            <param index="0">
              <value>
                <![CDATA[[TestResult name=ExcludeOutOfStockTest status=SUCCESS method=ProductPageTestCases.ExcludeOutOfStockTest()[pri:6, instance:com.java.bookTest.ProductPageTestCases@28eaa59a] output={null}]]]>
              </value>
            </param>
          </params>
          <reporter-output>
          </reporter-output>
        </test-method> <!-- getResult -->
        <test-method signature="listOfProductsTest()[pri:7, instance:com.java.bookTest.ProductPageTestCases@28eaa59a]" started-at="2024-03-29T17:25:59 IST" name="listOfProductsTest" finished-at="2024-03-29T17:26:01 IST" duration-ms="2203" status="PASS">
          <reporter-output>
          </reporter-output>
        </test-method> <!-- listOfProductsTest -->
        <test-method is-config="true" signature="getResult(org.testng.ITestResult)[pri:0, instance:com.java.bookTest.ProductPageTestCases@28eaa59a]" started-at="2024-03-29T17:26:01 IST" name="getResult" finished-at="2024-03-29T17:26:01 IST" duration-ms="1" status="PASS">
          <params>
            <param index="0">
              <value>
                <![CDATA[[TestResult name=listOfProductsTest status=SUCCESS method=ProductPageTestCases.listOfProductsTest()[pri:7, instance:com.java.bookTest.ProductPageTestCases@28eaa59a] output={null}]]]>
              </value>
            </param>
          </params>
          <reporter-output>
          </reporter-output>
        </test-method> <!-- getResult -->
        <test-method is-config="true" signature="afterTest()[pri:0, instance:com.java.bookTest.ProductPageTestCases@28eaa59a]" started-at="2024-03-29T17:26:01 IST" name="afterTest" finished-at="2024-03-29T17:26:04 IST" duration-ms="2917" status="PASS">
          <reporter-output>
          </reporter-output>
        </test-method> <!-- afterTest -->
      </class> <!-- com.java.bookTest.ProductPageTestCases -->
    </test> <!-- Test1 -->
    <test started-at="2024-03-29T17:26:04 IST" name="Test2" finished-at="2024-03-29T17:26:21 IST" duration-ms="16356">
      <class name="com.java.bookTest.HomePageTestCases">
        <test-method is-config="true" signature="beforeTest()[pri:0, instance:com.java.bookTest.HomePageTestCases@323b36e0]" started-at="2024-03-29T17:26:04 IST" name="beforeTest" finished-at="2024-03-29T17:26:12 IST" duration-ms="7686" status="PASS">
          <reporter-output>
          </reporter-output>
        </test-method> <!-- beforeTest -->
        <test-method signature="checkUrl()[pri:1, instance:com.java.bookTest.HomePageTestCases@323b36e0]" started-at="2024-03-29T17:26:12 IST" name="checkUrl" finished-at="2024-03-29T17:26:12 IST" duration-ms="12" status="PASS">
          <reporter-output>
          </reporter-output>
        </test-method> <!-- checkUrl -->
        <test-method is-config="true" signature="getResult(org.testng.ITestResult)[pri:0, instance:com.java.bookTest.HomePageTestCases@323b36e0]" started-at="2024-03-29T17:26:12 IST" name="getResult" finished-at="2024-03-29T17:26:12 IST" duration-ms="0" status="PASS">
          <params>
            <param index="0">
              <value>
                <![CDATA[[TestResult name=checkUrl status=SUCCESS method=HomePageTestCases.checkUrl()[pri:1, instance:com.java.bookTest.HomePageTestCases@323b36e0] output={null}]]]>
              </value>
            </param>
          </params>
          <reporter-output>
          </reporter-output>
        </test-method> <!-- getResult -->
        <test-method signature="ExtractDeal()[pri:2, instance:com.java.bookTest.HomePageTestCases@323b36e0]" started-at="2024-03-29T17:26:12 IST" name="ExtractDeal" finished-at="2024-03-29T17:26:18 IST" duration-ms="6363" status="PASS">
          <reporter-output>
          </reporter-output>
        </test-method> <!-- ExtractDeal -->
        <test-method is-config="true" signature="afterTest()[pri:0, instance:com.java.bookTest.HomePageTestCases@323b36e0]" started-at="2024-03-29T17:26:18 IST" name="afterTest" finished-at="2024-03-29T17:26:21 IST" duration-ms="2288" status="PASS">
          <reporter-output>
          </reporter-output>
        </test-method> <!-- afterTest -->
        <test-method is-config="true" signature="getResult(org.testng.ITestResult)[pri:0, instance:com.java.bookTest.HomePageTestCases@323b36e0]" started-at="2024-03-29T17:26:18 IST" name="getResult" finished-at="2024-03-29T17:26:18 IST" duration-ms="0" status="PASS">
          <params>
            <param index="0">
              <value>
                <![CDATA[[TestResult name=ExtractDeal status=SUCCESS method=HomePageTestCases.ExtractDeal()[pri:2, instance:com.java.bookTest.HomePageTestCases@323b36e0] output={null}]]]>
              </value>
            </param>
          </params>
          <reporter-output>
          </reporter-output>
        </test-method> <!-- getResult -->
      </class> <!-- com.java.bookTest.HomePageTestCases -->
    </test> <!-- Test2 -->
    <test started-at="2024-03-29T17:26:21 IST" name="Test3" finished-at="2024-03-29T17:26:39 IST" duration-ms="18227">
      <class name="com.java.bookTest.GiftCardPageTestCases">
        <test-method is-config="true" signature="startReport()[pri:0, instance:com.java.bookTest.GiftCardPageTestCases@6b927fb]" started-at="2024-03-29T17:25:33 IST" name="startReport" finished-at="2024-03-29T17:25:33 IST" duration-ms="285" status="PASS">
          <reporter-output>
          </reporter-output>
        </test-method> <!-- startReport -->
        <test-method is-config="true" signature="beforeTest()[pri:0, instance:com.java.bookTest.GiftCardPageTestCases@6b927fb]" started-at="2024-03-29T17:26:21 IST" name="beforeTest" finished-at="2024-03-29T17:26:28 IST" duration-ms="7787" status="PASS">
          <reporter-output>
          </reporter-output>
        </test-method> <!-- beforeTest -->
        <test-method signature="checkUrlTest()[pri:1, instance:com.java.bookTest.GiftCardPageTestCases@6b927fb]" started-at="2024-03-29T17:26:28 IST" name="checkUrlTest" finished-at="2024-03-29T17:26:28 IST" duration-ms="9" status="PASS">
          <reporter-output>
          </reporter-output>
        </test-method> <!-- checkUrlTest -->
        <test-method is-config="true" signature="getResult(org.testng.ITestResult)[pri:0, instance:com.java.bookTest.GiftCardPageTestCases@6b927fb]" started-at="2024-03-29T17:26:28 IST" name="getResult" finished-at="2024-03-29T17:26:28 IST" duration-ms="0" status="PASS">
          <params>
            <param index="0">
              <value>
                <![CDATA[[TestResult name=checkUrlTest status=SUCCESS method=GiftCardPageTestCases.checkUrlTest()[pri:1, instance:com.java.bookTest.GiftCardPageTestCases@6b927fb] output={null}]]]>
              </value>
            </param>
          </params>
          <reporter-output>
          </reporter-output>
        </test-method> <!-- getResult -->
        <test-method signature="checkClickGiftCardTest()[pri:2, instance:com.java.bookTest.GiftCardPageTestCases@6b927fb]" started-at="2024-03-29T17:26:28 IST" name="checkClickGiftCardTest" finished-at="2024-03-29T17:26:31 IST" duration-ms="2999" status="PASS">
          <reporter-output>
          </reporter-output>
        </test-method> <!-- checkClickGiftCardTest -->
        <test-method is-config="true" signature="getResult(org.testng.ITestResult)[pri:0, instance:com.java.bookTest.GiftCardPageTestCases@6b927fb]" started-at="2024-03-29T17:26:31 IST" name="getResult" finished-at="2024-03-29T17:26:31 IST" duration-ms="1" status="PASS">
          <params>
            <param index="0">
              <value>
                <![CDATA[[TestResult name=checkClickGiftCardTest status=SUCCESS method=GiftCardPageTestCases.checkClickGiftCardTest()[pri:2, instance:com.java.bookTest.GiftCardPageTestCases@6b927fb] output={null}]]]>
              </value>
            </param>
          </params>
          <reporter-output>
          </reporter-output>
        </test-method> <!-- getResult -->
        <test-method signature="OccasionHandleTest()[pri:3, instance:com.java.bookTest.GiftCardPageTestCases@6b927fb]" started-at="2024-03-29T17:26:31 IST" name="OccasionHandleTest" finished-at="2024-03-29T17:26:32 IST" duration-ms="479" status="PASS">
          <reporter-output>
          </reporter-output>
        </test-method> <!-- OccasionHandleTest -->
        <test-method is-config="true" signature="getResult(org.testng.ITestResult)[pri:0, instance:com.java.bookTest.GiftCardPageTestCases@6b927fb]" started-at="2024-03-29T17:26:32 IST" name="getResult" finished-at="2024-03-29T17:26:32 IST" duration-ms="1" status="PASS">
          <params>
            <param index="0">
              <value>
                <![CDATA[[TestResult name=OccasionHandleTest status=SUCCESS method=GiftCardPageTestCases.OccasionHandleTest()[pri:3, instance:com.java.bookTest.GiftCardPageTestCases@6b927fb] output={null}]]]>
              </value>
            </param>
          </params>
          <reporter-output>
          </reporter-output>
        </test-method> <!-- getResult -->
        <test-method signature="AmountHandlerTest()[pri:4, instance:com.java.bookTest.GiftCardPageTestCases@6b927fb]" started-at="2024-03-29T17:26:32 IST" name="AmountHandlerTest" finished-at="2024-03-29T17:26:32 IST" duration-ms="272" status="PASS">
          <reporter-output>
          </reporter-output>
        </test-method> <!-- AmountHandlerTest -->
        <test-method is-config="true" signature="getResult(org.testng.ITestResult)[pri:0, instance:com.java.bookTest.GiftCardPageTestCases@6b927fb]" started-at="2024-03-29T17:26:32 IST" name="getResult" finished-at="2024-03-29T17:26:32 IST" duration-ms="1" status="PASS">
          <params>
            <param index="0">
              <value>
                <![CDATA[[TestResult name=AmountHandlerTest status=SUCCESS method=GiftCardPageTestCases.AmountHandlerTest()[pri:4, instance:com.java.bookTest.GiftCardPageTestCases@6b927fb] output={null}]]]>
              </value>
            </param>
          </params>
          <reporter-output>
          </reporter-output>
        </test-method> <!-- getResult -->
        <test-method signature="DropDownHandlerTest()[pri:5, instance:com.java.bookTest.GiftCardPageTestCases@6b927fb]" started-at="2024-03-29T17:26:32 IST" name="DropDownHandlerTest" finished-at="2024-03-29T17:26:33 IST" duration-ms="675" status="PASS">
          <reporter-output>
          </reporter-output>
        </test-method> <!-- DropDownHandlerTest -->
        <test-method is-config="true" signature="getResult(org.testng.ITestResult)[pri:0, instance:com.java.bookTest.GiftCardPageTestCases@6b927fb]" started-at="2024-03-29T17:26:33 IST" name="getResult" finished-at="2024-03-29T17:26:33 IST" duration-ms="0" status="PASS">
          <params>
            <param index="0">
              <value>
                <![CDATA[[TestResult name=DropDownHandlerTest status=SUCCESS method=GiftCardPageTestCases.DropDownHandlerTest()[pri:5, instance:com.java.bookTest.GiftCardPageTestCases@6b927fb] output={null}]]]>
              </value>
            </param>
          </params>
          <reporter-output>
          </reporter-output>
        </test-method> <!-- getResult -->
        <test-method signature="ButtonHandleTest()[pri:6, instance:com.java.bookTest.GiftCardPageTestCases@6b927fb]" started-at="2024-03-29T17:26:33 IST" name="ButtonHandleTest" finished-at="2024-03-29T17:26:33 IST" duration-ms="159" status="PASS">
          <reporter-output>
          </reporter-output>
        </test-method> <!-- ButtonHandleTest -->
        <test-method is-config="true" signature="getResult(org.testng.ITestResult)[pri:0, instance:com.java.bookTest.GiftCardPageTestCases@6b927fb]" started-at="2024-03-29T17:26:33 IST" name="getResult" finished-at="2024-03-29T17:26:33 IST" duration-ms="1" status="PASS">
          <params>
            <param index="0">
              <value>
                <![CDATA[[TestResult name=ButtonHandleTest status=SUCCESS method=GiftCardPageTestCases.ButtonHandleTest()[pri:6, instance:com.java.bookTest.GiftCardPageTestCases@6b927fb] output={null}]]]>
              </value>
            </param>
          </params>
          <reporter-output>
          </reporter-output>
        </test-method> <!-- getResult -->
        <test-method signature="enterFormDetailsTest()[pri:7, instance:com.java.bookTest.GiftCardPageTestCases@6b927fb]" started-at="2024-03-29T17:26:33 IST" name="enterFormDetailsTest" finished-at="2024-03-29T17:26:37 IST" duration-ms="3838" status="PASS">
          <reporter-output>
          </reporter-output>
        </test-method> <!-- enterFormDetailsTest -->
        <test-method is-config="true" signature="getResult(org.testng.ITestResult)[pri:0, instance:com.java.bookTest.GiftCardPageTestCases@6b927fb]" started-at="2024-03-29T17:26:37 IST" name="getResult" finished-at="2024-03-29T17:26:37 IST" duration-ms="3" status="PASS">
          <params>
            <param index="0">
              <value>
                <![CDATA[[TestResult name=enterFormDetailsTest status=SUCCESS method=GiftCardPageTestCases.enterFormDetailsTest()[pri:7, instance:com.java.bookTest.GiftCardPageTestCases@6b927fb] output={null}]]]>
              </value>
            </param>
          </params>
          <reporter-output>
          </reporter-output>
        </test-method> <!-- getResult -->
        <test-method is-config="true" signature="afterTest()[pri:0, instance:com.java.bookTest.GiftCardPageTestCases@6b927fb]" started-at="2024-03-29T17:26:37 IST" name="afterTest" finished-at="2024-03-29T17:26:39 IST" duration-ms="1984" status="PASS">
          <reporter-output>
          </reporter-output>
        </test-method> <!-- afterTest -->
        <test-method is-config="true" signature="tearDown()[pri:0, instance:com.java.bookTest.GiftCardPageTestCases@6b927fb]" started-at="2024-03-29T17:26:39 IST" name="tearDown" finished-at="2024-03-29T17:26:39 IST" duration-ms="285" status="PASS">
          <reporter-output>
          </reporter-output>
        </test-method> <!-- tearDown -->
      </class> <!-- com.java.bookTest.GiftCardPageTestCases -->
    </test> <!-- Test3 -->
  </suite> <!-- Suite -->
</testng-results>
